<?xml version="1.0" encoding="utf-8"?>
<TestRun id="6824cb2a-f1c7-4b94-b23c-6e0eaedd70ef" name="jsmathers@MPHILLIPS2 2026-01-09 13:48:12" runUser="AXIONBIO\jsmathers" xmlns="http://microsoft.com/schemas/VisualStudio/TeamTest/2010">
  <Times creation="2026-01-09T13:48:12.2067477-05:00" queuing="2026-01-09T13:48:12.2067488-05:00" start="2026-01-09T13:48:11.4529594-05:00" finish="2026-01-09T14:01:29.6714909-05:00" />
  <TestSettings name="default" id="700ed5fa-c281-4467-b69d-9656bbe60b11">
    <Deployment runDeploymentRoot="jsmathers_MPHILLIPS2_2026-01-09_13_48_12" />
  </TestSettings>
  <Results>
    <UnitTestResult executionId="0df30498-a092-49ec-8266-3d3145170f64" testId="562c0cbe-bcc5-ca0b-2255-a92aecd580b1" testName="ExcelComparer.Tests.Unit.FileTypeDetectorTests.AreSameType_VariousFiles_ShouldReturnCorrectResult(file1: &quot;file1.xlsx&quot;, file2: &quot;file2.xlsx&quot;, expected: True)" computerName="MPHILLIPS2" duration="00:00:00.0002253" startTime="2026-01-09T13:48:12.1926793-05:00" endTime="2026-01-09T13:48:12.1926793-05:00" testType="13cdc9d9-ddb5-4fa4-a97d-d965ccfc6d4b" outcome="Passed" testListId="8c84fa94-04c1-424b-9868-57a2d4851a1d" relativeResultsDirectory="0df30498-a092-49ec-8266-3d3145170f64" />
    <UnitTestResult executionId="00163673-d14a-4650-b1eb-e6e99a79d952" testId="e515fdd6-dbbd-2910-e4bf-1bf06f2ce714" testName="ExcelComparer.Tests.Unit.CellComparerTests.CompareWorksheets_CustomTolerance_ShouldRespectValue" computerName="MPHILLIPS2" duration="00:00:00.0016367" startTime="2026-01-09T13:48:20.4112862-05:00" endTime="2026-01-09T13:48:20.4112863-05:00" testType="13cdc9d9-ddb5-4fa4-a97d-d965ccfc6d4b" outcome="Passed" testListId="8c84fa94-04c1-424b-9868-57a2d4851a1d" relativeResultsDirectory="00163673-d14a-4650-b1eb-e6e99a79d952" />
    <UnitTestResult executionId="d2999875-92d3-4cc6-84d0-74cf82ea8f7c" testId="acee53be-4269-7637-49b7-bd8407fc9eb5" testName="ExcelComparer.Tests.Unit.ComparisonResultTests.TotalMismatches_ShouldReturnSumOfNumericAndText(numeric: 0, text: 7, expected: 7)" computerName="MPHILLIPS2" duration="00:00:00.0000075" startTime="2026-01-09T13:48:12.1784922-05:00" endTime="2026-01-09T13:48:12.1784922-05:00" testType="13cdc9d9-ddb5-4fa4-a97d-d965ccfc6d4b" outcome="Passed" testListId="8c84fa94-04c1-424b-9868-57a2d4851a1d" relativeResultsDirectory="d2999875-92d3-4cc6-84d0-74cf82ea8f7c" />
    <UnitTestResult executionId="ddd69fce-4e22-414d-ac9a-ef1aa679f0dd" testId="01a48b43-9e9f-da94-3c5f-a65a87bbdf0f" testName="ExcelComparer.Tests.Unit.FileTypeDetectorTests.AreSameType_VariousFiles_ShouldReturnCorrectResult(file1: &quot;file1.xlsx&quot;, file2: &quot;file2.csv&quot;, expected: False)" computerName="MPHILLIPS2" duration="00:00:00.0000059" startTime="2026-01-09T13:48:12.1927575-05:00" endTime="2026-01-09T13:48:12.1927575-05:00" testType="13cdc9d9-ddb5-4fa4-a97d-d965ccfc6d4b" outcome="Passed" testListId="8c84fa94-04c1-424b-9868-57a2d4851a1d" relativeResultsDirectory="ddd69fce-4e22-414d-ac9a-ef1aa679f0dd" />
    <UnitTestResult executionId="7e3f8a48-e848-4573-8fd6-4dcbcb282697" testId="ccacdd29-7fb3-50be-7667-2953ac2965de" testName="ExcelComparer.Tests.Unit.FileTypeDetectorTests.AreExcelFiles_BothExcel_ShouldReturnTrue" computerName="MPHILLIPS2" duration="00:00:00.0001551" startTime="2026-01-09T13:48:12.1942984-05:00" endTime="2026-01-09T13:48:12.1942984-05:00" testType="13cdc9d9-ddb5-4fa4-a97d-d965ccfc6d4b" outcome="Passed" testListId="8c84fa94-04c1-424b-9868-57a2d4851a1d" relativeResultsDirectory="7e3f8a48-e848-4573-8fd6-4dcbcb282697" />
    <UnitTestResult executionId="d6e8c456-2d6d-4291-b9e2-6866d412765f" testId="3670cb6a-c299-b560-eaa8-dcd70a09a2c1" testName="ExcelComparer.Tests.Unit.CellComparerTests.CompareWorksheets_NumericDifferenceWithinTolerance_ShouldReturnNoMismatches" computerName="MPHILLIPS2" duration="00:00:00.0012976" startTime="2026-01-09T13:48:20.4126704-05:00" endTime="2026-01-09T13:48:20.4126706-05:00" testType="13cdc9d9-ddb5-4fa4-a97d-d965ccfc6d4b" outcome="Passed" testListId="8c84fa94-04c1-424b-9868-57a2d4851a1d" relativeResultsDirectory="d6e8c456-2d6d-4291-b9e2-6866d412765f" />
    <UnitTestResult executionId="aa2a09e9-a59c-416c-9e60-dad5e0ce1af2" testId="4c37955a-c806-4aee-ebce-b5018ed76233" testName="ExcelComparer.Tests.Unit.FileTypeDetectorTests.AreCsvFiles_BothNull_ShouldReturnFalse" computerName="MPHILLIPS2" duration="00:00:00.0000998" startTime="2026-01-09T13:48:12.1936044-05:00" endTime="2026-01-09T13:48:12.1936045-05:00" testType="13cdc9d9-ddb5-4fa4-a97d-d965ccfc6d4b" outcome="Passed" testListId="8c84fa94-04c1-424b-9868-57a2d4851a1d" relativeResultsDirectory="aa2a09e9-a59c-416c-9e60-dad5e0ce1af2" />
    <UnitTestResult executionId="0e392813-7397-462c-8384-dfcbd3151bde" testId="46ff021e-5e5e-ec84-eacf-5c9b4a42e686" testName="ExcelComparer.Tests.Unit.CellComparerTests.CompareWorksheets_EmptyCells_ShouldMatch" computerName="MPHILLIPS2" duration="00:00:00.0013667" startTime="2026-01-09T13:48:20.4019532-05:00" endTime="2026-01-09T13:48:20.4019535-05:00" testType="13cdc9d9-ddb5-4fa4-a97d-d965ccfc6d4b" outcome="Passed" testListId="8c84fa94-04c1-424b-9868-57a2d4851a1d" relativeResultsDirectory="0e392813-7397-462c-8384-dfcbd3151bde" />
    <UnitTestResult executionId="6b9768f8-fef0-4535-84a4-77e065220252" testId="f7454765-bbcf-c49b-bf80-326a00d0e198" testName="ExcelComparer.Tests.Unit.FileTypeDetectorTests.AreCsvFiles_BothCsv_ShouldReturnTrue" computerName="MPHILLIPS2" duration="00:00:00.0002652" startTime="2026-01-09T13:48:12.1942520-05:00" endTime="2026-01-09T13:48:12.1942520-05:00" testType="13cdc9d9-ddb5-4fa4-a97d-d965ccfc6d4b" outcome="Passed" testListId="8c84fa94-04c1-424b-9868-57a2d4851a1d" relativeResultsDirectory="6b9768f8-fef0-4535-84a4-77e065220252" />
    <UnitTestResult executionId="fac4c897-0191-405b-b598-54e669044883" testId="12e99f30-917f-24d4-2bb0-95e5f0864ca4" testName="ExcelComparer.Tests.Unit.FileTypeDetectorTests.AreCsvFiles_OneExcel_ShouldReturnFalse" computerName="MPHILLIPS2" duration="00:00:00.0002429" startTime="2026-01-09T13:48:12.1861772-05:00" endTime="2026-01-09T13:48:12.1861772-05:00" testType="13cdc9d9-ddb5-4fa4-a97d-d965ccfc6d4b" outcome="Passed" testListId="8c84fa94-04c1-424b-9868-57a2d4851a1d" relativeResultsDirectory="fac4c897-0191-405b-b598-54e669044883" />
    <UnitTestResult executionId="2ed77a99-f44d-40bb-a2d2-763898bb62c3" testId="e87f5fa5-e59e-fe84-3aed-53f2397b488d" testName="ExcelComparer.Tests.Unit.FileTypeDetectorTests.DetectFileType_InvalidPathCharacters_ShouldHandleGracefully(invalidPath: &quot;file|data.txt&quot;)" computerName="MPHILLIPS2" duration="00:00:00.0001903" startTime="2026-01-09T13:48:12.1925904-05:00" endTime="2026-01-09T13:48:12.1925905-05:00" testType="13cdc9d9-ddb5-4fa4-a97d-d965ccfc6d4b" outcome="Passed" testListId="8c84fa94-04c1-424b-9868-57a2d4851a1d" relativeResultsDirectory="2ed77a99-f44d-40bb-a2d2-763898bb62c3" />
    <UnitTestResult executionId="90d4946a-545d-450d-b48c-7436a99a6d2e" testId="681da504-30a6-85fe-b14c-979049f77e86" testName="ExcelComparer.Tests.Unit.FileTypeDetectorTests.AreSameType_OneNull_ShouldReturnFalse(file1: null, file2: &quot;file.csv&quot;)" computerName="MPHILLIPS2" duration="00:00:00.0001185" startTime="2026-01-09T13:48:12.1785864-05:00" endTime="2026-01-09T13:48:12.1785865-05:00" testType="13cdc9d9-ddb5-4fa4-a97d-d965ccfc6d4b" outcome="Passed" testListId="8c84fa94-04c1-424b-9868-57a2d4851a1d" relativeResultsDirectory="90d4946a-545d-450d-b48c-7436a99a6d2e" />
    <UnitTestResult executionId="85ed747d-6087-48e4-a08e-a047a8d05445" testId="cccf2a5d-f6ce-98c9-1314-53eee5a1b646" testName="ExcelComparer.Tests.Unit.FileTypeDetectorTests.DetectFileType_WhitespaceOnly_ShouldReturnUnknown" computerName="MPHILLIPS2" duration="00:00:00.0000976" startTime="2026-01-09T13:48:12.1943957-05:00" endTime="2026-01-09T13:48:12.1943958-05:00" testType="13cdc9d9-ddb5-4fa4-a97d-d965ccfc6d4b" outcome="Passed" testListId="8c84fa94-04c1-424b-9868-57a2d4851a1d" relativeResultsDirectory="85ed747d-6087-48e4-a08e-a047a8d05445" />
    <UnitTestResult executionId="a5933573-fbf1-44d1-b916-a6a2c0b51229" testId="464a2898-de5a-6f79-7857-620b96085683" testName="ExcelComparer.Tests.Unit.ComparisonResultTests.PrintSummary_WithNoMismatches_ShouldDisplaySuccessMessage" computerName="MPHILLIPS2" duration="00:00:00.0029820" startTime="2026-01-09T13:48:12.1862248-05:00" endTime="2026-01-09T13:48:12.1862249-05:00" testType="13cdc9d9-ddb5-4fa4-a97d-d965ccfc6d4b" outcome="Passed" testListId="8c84fa94-04c1-424b-9868-57a2d4851a1d" relativeResultsDirectory="a5933573-fbf1-44d1-b916-a6a2c0b51229" />
    <UnitTestResult executionId="585a3b7a-229b-483f-b834-723ebf149781" testId="c2886c6a-f7a9-d884-8779-59a6e110144b" testName="ExcelComparer.Tests.Unit.CellComparerTests.CompareWorksheets_DifferentSizedWorksheets_ShouldCompareAllCells" computerName="MPHILLIPS2" duration="00:00:00.0039909" startTime="2026-01-09T13:48:20.4250683-05:00" endTime="2026-01-09T13:48:20.4250687-05:00" testType="13cdc9d9-ddb5-4fa4-a97d-d965ccfc6d4b" outcome="Passed" testListId="8c84fa94-04c1-424b-9868-57a2d4851a1d" relativeResultsDirectory="585a3b7a-229b-483f-b834-723ebf149781" />
    <UnitTestResult executionId="2edd087e-735b-44a3-9307-9f00eacbfc24" testId="aacbe5a1-49da-d924-5eed-eee86f89544c" testName="ExcelComparer.Tests.Unit.FileTypeDetectorTests.DetectFileType_InvalidPathCharacters_ShouldHandleGracefully(invalidPath: &quot;C:\\invalid\\path\\file*.csv&quot;)" computerName="MPHILLIPS2" duration="00:00:00.0002395" startTime="2026-01-09T13:48:12.1863938-05:00" endTime="2026-01-09T13:48:12.1863938-05:00" testType="13cdc9d9-ddb5-4fa4-a97d-d965ccfc6d4b" outcome="Passed" testListId="8c84fa94-04c1-424b-9868-57a2d4851a1d" relativeResultsDirectory="2edd087e-735b-44a3-9307-9f00eacbfc24" />
    <UnitTestResult executionId="42aa7808-7c26-4462-af96-9dff0545db50" testId="f79ef581-e2c1-e518-43e1-ef1cd8532d9e" testName="ExcelComparer.Tests.Unit.CellComparerTests.CompareWorksheets_IdenticalTextCells_ShouldReturnNoMismatches" computerName="MPHILLIPS2" duration="00:00:00.0015811" startTime="2026-01-09T13:48:20.4194245-05:00" endTime="2026-01-09T13:48:20.4194248-05:00" testType="13cdc9d9-ddb5-4fa4-a97d-d965ccfc6d4b" outcome="Passed" testListId="8c84fa94-04c1-424b-9868-57a2d4851a1d" relativeResultsDirectory="42aa7808-7c26-4462-af96-9dff0545db50" />
    <UnitTestResult executionId="a38cd67e-574d-4661-9557-0db8ccfccc2d" testId="c2c7d1aa-8c8c-982d-00ae-657f2dd3212c" testName="ExcelComparer.Tests.Unit.ComparisonConfigTests.Tolerance_ShouldAcceptValidPositiveValues(tolerance: 0.001)" computerName="MPHILLIPS2" duration="00:00:00.0000070" startTime="2026-01-09T13:48:12.1784797-05:00" endTime="2026-01-09T13:48:12.1784798-05:00" testType="13cdc9d9-ddb5-4fa4-a97d-d965ccfc6d4b" outcome="Passed" testListId="8c84fa94-04c1-424b-9868-57a2d4851a1d" relativeResultsDirectory="a38cd67e-574d-4661-9557-0db8ccfccc2d" />
    <UnitTestResult executionId="6e8f5ff2-d592-4fa0-ace3-21be28be341a" testId="d9accba7-bd11-ffbc-e95c-4b4a0930d3e0" testName="ExcelComparer.Tests.Unit.CellComparerTests.CompareWorksheets_OneEmptyOneWithValue_ShouldReturnMismatch" computerName="MPHILLIPS2" duration="00:00:00.0037121" startTime="2026-01-09T13:48:20.4075272-05:00" endTime="2026-01-09T13:48:20.4075276-05:00" testType="13cdc9d9-ddb5-4fa4-a97d-d965ccfc6d4b" outcome="Passed" testListId="8c84fa94-04c1-424b-9868-57a2d4851a1d" relativeResultsDirectory="6e8f5ff2-d592-4fa0-ace3-21be28be341a" />
    <UnitTestResult executionId="c492eddb-647d-4819-90cb-a700eafa6c99" testId="5f89a730-81fa-0eb1-7447-0afee16cf9e0" testName="ExcelComparer.Tests.Unit.CellComparerTests.CompareWorksheets_CaseSensitiveText_ShouldReturnMismatch" computerName="MPHILLIPS2" duration="00:00:00.0020781" startTime="2026-01-09T13:48:20.3969897-05:00" endTime="2026-01-09T13:48:20.3969900-05:00" testType="13cdc9d9-ddb5-4fa4-a97d-d965ccfc6d4b" outcome="Passed" testListId="8c84fa94-04c1-424b-9868-57a2d4851a1d" relativeResultsDirectory="c492eddb-647d-4819-90cb-a700eafa6c99" />
    <UnitTestResult executionId="18112c87-3f27-49a9-b277-41b96ad79f46" testId="bb29dd1b-c0e5-c45b-60e9-0a5912ef1842" testName="ExcelComparer.Tests.Unit.FileTypeDetectorTests.DetectFileType_CsvFiles_ShouldReturnCsv(fileName: &quot;FILE.CSV&quot;, expected: Csv)" computerName="MPHILLIPS2" duration="00:00:00.0000086" startTime="2026-01-09T13:48:12.1935435-05:00" endTime="2026-01-09T13:48:12.1935435-05:00" testType="13cdc9d9-ddb5-4fa4-a97d-d965ccfc6d4b" outcome="Passed" testListId="8c84fa94-04c1-424b-9868-57a2d4851a1d" relativeResultsDirectory="18112c87-3f27-49a9-b277-41b96ad79f46" />
    <UnitTestResult executionId="b66ece03-703b-4c7d-9332-08fdcdf0d24c" testId="2a097c66-eb26-c206-20b3-c6bcca724cc4" testName="ExcelComparer.Tests.Unit.ComparisonResultTests.Properties_ShouldBeMutable" computerName="MPHILLIPS2" duration="00:00:00.0011953" startTime="2026-01-09T13:48:12.1862885-05:00" endTime="2026-01-09T13:48:12.1862886-05:00" testType="13cdc9d9-ddb5-4fa4-a97d-d965ccfc6d4b" outcome="Passed" testListId="8c84fa94-04c1-424b-9868-57a2d4851a1d" relativeResultsDirectory="b66ece03-703b-4c7d-9332-08fdcdf0d24c" />
    <UnitTestResult executionId="6462e198-bf31-4426-80ac-6dd141b08941" testId="13020813-90c7-37b5-1277-e0d436b6e3b9" testName="ExcelComparer.Tests.Unit.ComparisonConfigTests.DefaultTolerance_ShouldBe1e15" computerName="MPHILLIPS2" duration="00:00:00.0000995" startTime="2026-01-09T13:48:12.1854965-05:00" endTime="2026-01-09T13:48:12.1854965-05:00" testType="13cdc9d9-ddb5-4fa4-a97d-d965ccfc6d4b" outcome="Passed" testListId="8c84fa94-04c1-424b-9868-57a2d4851a1d" relativeResultsDirectory="6462e198-bf31-4426-80ac-6dd141b08941" />
    <UnitTestResult executionId="f81fe4ff-9776-42c7-95c2-f7f2f82bbce0" testId="0100f1a0-a52d-10e4-4a61-422a368ad5e0" testName="ExcelComparer.Tests.Unit.FileTypeDetectorTests.DetectFileType_UnknownFiles_ShouldReturnUnknown(fileName: &quot;file.pdf&quot;)" computerName="MPHILLIPS2" duration="00:00:00.0001057" startTime="2026-01-09T13:48:12.1928793-05:00" endTime="2026-01-09T13:48:12.1928793-05:00" testType="13cdc9d9-ddb5-4fa4-a97d-d965ccfc6d4b" outcome="Passed" testListId="8c84fa94-04c1-424b-9868-57a2d4851a1d" relativeResultsDirectory="f81fe4ff-9776-42c7-95c2-f7f2f82bbce0" />
    <UnitTestResult executionId="2fb9fc08-e729-48e2-b17b-4fdc282e2a86" testId="82041da1-af91-3fec-8ffb-5ff63615ae3b" testName="ExcelComparer.Tests.Unit.ComparisonResultTests.TotalCellsCompared_ShouldSupportLargeValues" computerName="MPHILLIPS2" duration="00:00:00.0001131" startTime="2026-01-09T13:48:12.1925265-05:00" endTime="2026-01-09T13:48:12.1925270-05:00" testType="13cdc9d9-ddb5-4fa4-a97d-d965ccfc6d4b" outcome="Passed" testListId="8c84fa94-04c1-424b-9868-57a2d4851a1d" relativeResultsDirectory="2fb9fc08-e729-48e2-b17b-4fdc282e2a86" />
    <UnitTestResult executionId="0652ad88-0489-4a23-9b2c-5f881b25b12f" testId="a2d97878-db53-aa9b-e52b-333403ae81a8" testName="ExcelComparer.Tests.Unit.PerformanceTests.CompareWorksheets_SparseData_ShouldOnlyCompareUsedRange" computerName="MPHILLIPS2" duration="00:00:00.0087891" startTime="2026-01-09T13:48:12.6383783-05:00" endTime="2026-01-09T13:48:12.6383789-05:00" testType="13cdc9d9-ddb5-4fa4-a97d-d965ccfc6d4b" outcome="Passed" testListId="8c84fa94-04c1-424b-9868-57a2d4851a1d" relativeResultsDirectory="0652ad88-0489-4a23-9b2c-5f881b25b12f" />
    <UnitTestResult executionId="5d72078c-f497-46a1-bfdb-89d4bdbf00fb" testId="c7d007e6-f993-0f0d-ac6e-c6d54977795b" testName="ExcelComparer.Tests.Unit.FileTypeDetectorTests.DetectFileType_InvalidPathCharacters_ShouldHandleGracefully(invalidPath: &quot;file&lt;&gt;.csv&quot;)" computerName="MPHILLIPS2" duration="00:00:00.0005206" startTime="2026-01-09T13:48:12.1863446-05:00" endTime="2026-01-09T13:48:12.1863446-05:00" testType="13cdc9d9-ddb5-4fa4-a97d-d965ccfc6d4b" outcome="Passed" testListId="8c84fa94-04c1-424b-9868-57a2d4851a1d" relativeResultsDirectory="5d72078c-f497-46a1-bfdb-89d4bdbf00fb" />
    <UnitTestResult executionId="509a5e81-ae5a-44a5-80a4-4093df61fb67" testId="0e270050-4462-8f7a-2aa4-ff477425d7a3" testName="ExcelComparer.Tests.Unit.FileTypeDetectorTests.AreSameType_VariousFiles_ShouldReturnCorrectResult(file1: &quot;file1.csv&quot;, file2: &quot;file2.xlsx&quot;, expected: False)" computerName="MPHILLIPS2" duration="00:00:00.0002582" startTime="2026-01-09T13:48:12.1926415-05:00" endTime="2026-01-09T13:48:12.1926415-05:00" testType="13cdc9d9-ddb5-4fa4-a97d-d965ccfc6d4b" outcome="Passed" testListId="8c84fa94-04c1-424b-9868-57a2d4851a1d" relativeResultsDirectory="509a5e81-ae5a-44a5-80a4-4093df61fb67" />
    <UnitTestResult executionId="99b07c2e-c124-4df0-b30f-5318ac562cfa" testId="05359ad3-3311-6134-4768-6bb8965a9163" testName="ExcelComparer.Tests.Unit.FileTypeDetectorTests.DetectFileType_UnknownFiles_ShouldReturnUnknown(fileName: &quot;file.doc&quot;)" computerName="MPHILLIPS2" duration="00:00:00.0001110" startTime="2026-01-09T13:48:12.1928426-05:00" endTime="2026-01-09T13:48:12.1928427-05:00" testType="13cdc9d9-ddb5-4fa4-a97d-d965ccfc6d4b" outcome="Passed" testListId="8c84fa94-04c1-424b-9868-57a2d4851a1d" relativeResultsDirectory="99b07c2e-c124-4df0-b30f-5318ac562cfa" />
    <UnitTestResult executionId="f8dd5971-ca73-4f17-8fe6-3237fe9a09f2" testId="a6318da8-52fd-7906-7075-2e8b058fdd98" testName="ExcelComparer.Tests.Unit.FileTypeDetectorTests.DetectFileType_ExcelFiles_ShouldReturnExcel(fileName: &quot;file.xls&quot;, expected: Excel)" computerName="MPHILLIPS2" duration="00:00:00.0000053" startTime="2026-01-09T13:48:12.1857677-05:00" endTime="2026-01-09T13:48:12.1857678-05:00" testType="13cdc9d9-ddb5-4fa4-a97d-d965ccfc6d4b" outcome="Passed" testListId="8c84fa94-04c1-424b-9868-57a2d4851a1d" relativeResultsDirectory="f8dd5971-ca73-4f17-8fe6-3237fe9a09f2" />
    <UnitTestResult executionId="d2271bf7-1c34-4e47-9638-0516928a8aa5" testId="1f4d9c82-e7e6-4cd3-1276-9e50d473ff69" testName="ExcelComparer.Tests.Unit.ComparisonResultTests.PrintSummary_WithMismatches_ShouldDisplayWarning" computerName="MPHILLIPS2" duration="00:00:00.0002709" startTime="2026-01-09T13:48:12.1863166-05:00" endTime="2026-01-09T13:48:12.1863166-05:00" testType="13cdc9d9-ddb5-4fa4-a97d-d965ccfc6d4b" outcome="Passed" testListId="8c84fa94-04c1-424b-9868-57a2d4851a1d" relativeResultsDirectory="d2271bf7-1c34-4e47-9638-0516928a8aa5" />
    <UnitTestResult executionId="eaaf6bc1-14c9-48c8-b0d3-50f98e32140c" testId="df3e98ed-b5cf-4951-6b8f-25e6a0addb0c" testName="ExcelComparer.Tests.Unit.FileTypeDetectorTests.DetectFileType_CsvFiles_ShouldReturnCsv(fileName: &quot;file.txt&quot;, expected: Csv)" computerName="MPHILLIPS2" duration="00:00:00.0001121" startTime="2026-01-09T13:48:12.1934691-05:00" endTime="2026-01-09T13:48:12.1934691-05:00" testType="13cdc9d9-ddb5-4fa4-a97d-d965ccfc6d4b" outcome="Passed" testListId="8c84fa94-04c1-424b-9868-57a2d4851a1d" relativeResultsDirectory="eaaf6bc1-14c9-48c8-b0d3-50f98e32140c" />
    <UnitTestResult executionId="c3c9242c-fae1-494b-a637-6d983683bbe2" testId="fb454314-86d9-cede-d7ab-175d6c2ba1d0" testName="ExcelComparer.Tests.Unit.FileTypeDetectorTests.DetectFileType_ExcelFiles_ShouldReturnExcel(fileName: &quot;FILE.XLSX&quot;, expected: Excel)" computerName="MPHILLIPS2" duration="00:00:00.0002004" startTime="2026-01-09T13:48:12.1857221-05:00" endTime="2026-01-09T13:48:12.1857222-05:00" testType="13cdc9d9-ddb5-4fa4-a97d-d965ccfc6d4b" outcome="Passed" testListId="8c84fa94-04c1-424b-9868-57a2d4851a1d" relativeResultsDirectory="c3c9242c-fae1-494b-a637-6d983683bbe2" />
    <UnitTestResult executionId="5bacbf12-2c0e-4fd8-9b21-18314fa57c95" testId="3359a4b6-3e8c-740c-c216-bdaf3b52737d" testName="ExcelComparer.Tests.Unit.CellComparerTests.CompareWorksheets_ShouldSetSheetsComparedToOne" computerName="MPHILLIPS2" duration="00:00:00.0015739" startTime="2026-01-09T13:48:20.4178354-05:00" endTime="2026-01-09T13:48:20.4178380-05:00" testType="13cdc9d9-ddb5-4fa4-a97d-d965ccfc6d4b" outcome="Passed" testListId="8c84fa94-04c1-424b-9868-57a2d4851a1d" relativeResultsDirectory="5bacbf12-2c0e-4fd8-9b21-18314fa57c95" />
    <UnitTestResult executionId="e2b55cf7-b78b-4396-89dd-63493dac17e8" testId="11529231-9933-5daa-5842-a81b57608282" testName="ExcelComparer.Tests.Unit.CellComparerTests.CompareWorksheets_DifferentTextCells_ShouldReturnMismatch" computerName="MPHILLIPS2" duration="00:00:00.0016519" startTime="2026-01-09T13:48:20.4036736-05:00" endTime="2026-01-09T13:48:20.4036738-05:00" testType="13cdc9d9-ddb5-4fa4-a97d-d965ccfc6d4b" outcome="Passed" testListId="8c84fa94-04c1-424b-9868-57a2d4851a1d" relativeResultsDirectory="e2b55cf7-b78b-4396-89dd-63493dac17e8" />
    <UnitTestResult executionId="d1392bd4-3687-4cfa-8ea5-5544a61b7d0c" testId="81652c3e-12b7-4368-e937-8b91dbc29223" testName="ExcelComparer.Tests.Unit.PerformanceTests.CompareWorksheets_NonOverlappingData_ShouldCompareUnion" computerName="MPHILLIPS2" duration="00:00:00.2949346" startTime="2026-01-09T13:48:12.4263302-05:00" endTime="2026-01-09T13:48:12.4263306-05:00" testType="13cdc9d9-ddb5-4fa4-a97d-d965ccfc6d4b" outcome="Passed" testListId="8c84fa94-04c1-424b-9868-57a2d4851a1d" relativeResultsDirectory="d1392bd4-3687-4cfa-8ea5-5544a61b7d0c" />
    <UnitTestResult executionId="74a15357-01d2-4f0f-adc7-3aabe361eeb1" testId="2819f22a-c85b-813d-6244-33dc9334b53e" testName="ExcelComparer.Tests.Unit.ComparisonConfigTests.Tolerance_ShouldAcceptValidPositiveValues(tolerance: 0)" computerName="MPHILLIPS2" duration="00:00:00.0002648" startTime="2026-01-09T13:48:12.1783180-05:00" endTime="2026-01-09T13:48:12.1783180-05:00" testType="13cdc9d9-ddb5-4fa4-a97d-d965ccfc6d4b" outcome="Passed" testListId="8c84fa94-04c1-424b-9868-57a2d4851a1d" relativeResultsDirectory="74a15357-01d2-4f0f-adc7-3aabe361eeb1" />
    <UnitTestResult executionId="2d607231-ee42-4d2e-ab3e-5ceac46079b7" testId="dd5f31fc-6c46-cdeb-a7c8-bb1830936c47" testName="ExcelComparer.Tests.Unit.FileTypeDetectorTests.AreSameType_VariousFiles_ShouldReturnCorrectResult(file1: &quot;file1.csv&quot;, file2: &quot;file2.csv&quot;, expected: True)" computerName="MPHILLIPS2" duration="00:00:00.0000078" startTime="2026-01-09T13:48:12.1927185-05:00" endTime="2026-01-09T13:48:12.1927185-05:00" testType="13cdc9d9-ddb5-4fa4-a97d-d965ccfc6d4b" outcome="Passed" testListId="8c84fa94-04c1-424b-9868-57a2d4851a1d" relativeResultsDirectory="2d607231-ee42-4d2e-ab3e-5ceac46079b7" />
    <UnitTestResult executionId="66002545-570a-46ba-91cb-e9ddf17a4b31" testId="6968e03c-e1a0-8451-9354-0bf6916c3ce7" testName="ExcelComparer.Tests.Unit.ComparisonResultTests.TotalMismatches_ShouldReturnSumOfNumericAndText(numeric: 5, text: 3, expected: 8)" computerName="MPHILLIPS2" duration="00:00:00.0002802" startTime="2026-01-09T13:48:12.1784265-05:00" endTime="2026-01-09T13:48:12.1784265-05:00" testType="13cdc9d9-ddb5-4fa4-a97d-d965ccfc6d4b" outcome="Passed" testListId="8c84fa94-04c1-424b-9868-57a2d4851a1d" relativeResultsDirectory="66002545-570a-46ba-91cb-e9ddf17a4b31" />
    <UnitTestResult executionId="b02d73a0-a9c9-43c8-b178-71cb883ee2f5" testId="e7fed06b-10a1-80c5-3ca0-1052f84f2725" testName="ExcelComparer.Tests.Unit.PerformanceTests.CompareWorksheets_BothEmpty_ShouldReturnImmediately" computerName="MPHILLIPS2" duration="00:00:00.0012673" startTime="2026-01-09T13:48:12.4275236-05:00" endTime="2026-01-09T13:48:12.4275239-05:00" testType="13cdc9d9-ddb5-4fa4-a97d-d965ccfc6d4b" outcome="Passed" testListId="8c84fa94-04c1-424b-9868-57a2d4851a1d" relativeResultsDirectory="b02d73a0-a9c9-43c8-b178-71cb883ee2f5" />
    <UnitTestResult executionId="80e71059-a02b-4f2d-aefa-6d4bc7cad615" testId="04c90580-aace-e330-2ca7-5404097a76e8" testName="ExcelComparer.Tests.Unit.ComparisonResultTests.TotalMismatches_ShouldReturnSumOfNumericAndText(numeric: 0, text: 0, expected: 0)" computerName="MPHILLIPS2" duration="00:00:00.0118839" startTime="2026-01-09T13:48:12.1520151-05:00" endTime="2026-01-09T13:48:12.1520153-05:00" testType="13cdc9d9-ddb5-4fa4-a97d-d965ccfc6d4b" outcome="Passed" testListId="8c84fa94-04c1-424b-9868-57a2d4851a1d" relativeResultsDirectory="80e71059-a02b-4f2d-aefa-6d4bc7cad615" />
    <UnitTestResult executionId="f8eb73c0-b578-4069-a368-3b84b5e3671b" testId="819e3ae2-e8b3-671f-3beb-75ecb68be60d" testName="ExcelComparer.Tests.Unit.FileTypeDetectorTests.AreExcelFiles_OneCsv_ShouldReturnFalse" computerName="MPHILLIPS2" duration="00:00:00.0000745" startTime="2026-01-09T13:48:12.1944438-05:00" endTime="2026-01-09T13:48:12.1944438-05:00" testType="13cdc9d9-ddb5-4fa4-a97d-d965ccfc6d4b" outcome="Passed" testListId="8c84fa94-04c1-424b-9868-57a2d4851a1d" relativeResultsDirectory="f8eb73c0-b578-4069-a368-3b84b5e3671b" />
    <UnitTestResult executionId="5ebbc974-141f-4d58-80e8-5c7f0a8037cb" testId="32d2650e-3bc2-a759-a6ae-e321a7c2938a" testName="ExcelComparer.Tests.Unit.FileTypeDetectorTests.AreSameType_OneNull_ShouldReturnFalse(file1: &quot;file.xlsx&quot;, file2: null)" computerName="MPHILLIPS2" duration="00:00:00.0001427" startTime="2026-01-09T13:48:12.1856066-05:00" endTime="2026-01-09T13:48:12.1856067-05:00" testType="13cdc9d9-ddb5-4fa4-a97d-d965ccfc6d4b" outcome="Passed" testListId="8c84fa94-04c1-424b-9868-57a2d4851a1d" relativeResultsDirectory="5ebbc974-141f-4d58-80e8-5c7f0a8037cb" />
    <UnitTestResult executionId="1d942336-9297-47cc-ad0b-1227e8875977" testId="a2608415-5839-edca-5a86-497f5f422008" testName="ExcelComparer.Tests.Unit.FileTypeDetectorTests.DetectFileType_InvalidPathCharacters_ShouldHandleGracefully(invalidPath: &quot;file?.xlsx&quot;)" computerName="MPHILLIPS2" duration="00:00:00.0022269" startTime="2026-01-09T13:48:12.1862649-05:00" endTime="2026-01-09T13:48:12.1862649-05:00" testType="13cdc9d9-ddb5-4fa4-a97d-d965ccfc6d4b" outcome="Passed" testListId="8c84fa94-04c1-424b-9868-57a2d4851a1d" relativeResultsDirectory="1d942336-9297-47cc-ad0b-1227e8875977" />
    <UnitTestResult executionId="bf64862c-4f84-4550-9dc0-dd618345806a" testId="256523e0-fe10-09e6-fed6-1292f79a7d7f" testName="ExcelComparer.Tests.Unit.ComparisonResultTests.NewInstance_ShouldHaveZeroValues" computerName="MPHILLIPS2" duration="00:00:00.0002000" startTime="2026-01-09T13:48:12.1863671-05:00" endTime="2026-01-09T13:48:12.1863672-05:00" testType="13cdc9d9-ddb5-4fa4-a97d-d965ccfc6d4b" outcome="Passed" testListId="8c84fa94-04c1-424b-9868-57a2d4851a1d" relativeResultsDirectory="bf64862c-4f84-4550-9dc0-dd618345806a" />
    <UnitTestResult executionId="e9fc0148-c63b-4157-b68d-c99dd62d5554" testId="7c15fe08-62bb-6d6b-e519-fd19c4dac18f" testName="ExcelComparer.Tests.Unit.FileTypeDetectorTests.AreExcelFiles_BothNull_ShouldReturnFalse" computerName="MPHILLIPS2" duration="00:00:00.0000890" startTime="2026-01-09T13:48:12.1943462-05:00" endTime="2026-01-09T13:48:12.1943462-05:00" testType="13cdc9d9-ddb5-4fa4-a97d-d965ccfc6d4b" outcome="Passed" testListId="8c84fa94-04c1-424b-9868-57a2d4851a1d" relativeResultsDirectory="e9fc0148-c63b-4157-b68d-c99dd62d5554" />
    <UnitTestResult executionId="10a6445b-c598-4105-97f8-6bd028c24cf6" testId="f5dd2146-2ffa-f9f9-f2d3-b842baeca9bc" testName="ExcelComparer.Tests.Unit.FileTypeDetectorTests.DetectFileType_NullString_ShouldReturnUnknown" computerName="MPHILLIPS2" duration="00:00:00.0001039" startTime="2026-01-09T13:48:12.1942031-05:00" endTime="2026-01-09T13:48:12.1942031-05:00" testType="13cdc9d9-ddb5-4fa4-a97d-d965ccfc6d4b" outcome="Passed" testListId="8c84fa94-04c1-424b-9868-57a2d4851a1d" relativeResultsDirectory="10a6445b-c598-4105-97f8-6bd028c24cf6" />
    <UnitTestResult executionId="70583815-24e3-4f5e-aae7-c85bd046069c" testId="53939a41-1073-8a79-de00-2f52c075c458" testName="ExcelComparer.Tests.Unit.FileTypeDetectorTests.DetectFileType_ExcelFiles_ShouldReturnExcel(fileName: &quot;file.xlsb&quot;, expected: Excel)" computerName="MPHILLIPS2" duration="00:00:00.0000096" startTime="2026-01-09T13:48:12.1857458-05:00" endTime="2026-01-09T13:48:12.1857458-05:00" testType="13cdc9d9-ddb5-4fa4-a97d-d965ccfc6d4b" outcome="Passed" testListId="8c84fa94-04c1-424b-9868-57a2d4851a1d" relativeResultsDirectory="70583815-24e3-4f5e-aae7-c85bd046069c" />
    <UnitTestResult executionId="a015f351-c0d3-49e3-9a1d-bd86335ad979" testId="1a72d587-b858-99ff-1d9a-335b9f2362d4" testName="ExcelComparer.Tests.Unit.ComparisonConfigTests.Constructor_ShouldInitializeWithDefaultTolerance" computerName="MPHILLIPS2" duration="00:00:00.0001127" startTime="2026-01-09T13:48:12.1856409-05:00" endTime="2026-01-09T13:48:12.1856409-05:00" testType="13cdc9d9-ddb5-4fa4-a97d-d965ccfc6d4b" outcome="Passed" testListId="8c84fa94-04c1-424b-9868-57a2d4851a1d" relativeResultsDirectory="a015f351-c0d3-49e3-9a1d-bd86335ad979" />
    <UnitTestResult executionId="eea110df-465f-4640-927e-382561df171b" testId="e520a923-0343-8be8-0dcd-0f38b1ac4d66" testName="ExcelComparer.Tests.Unit.FileTypeDetectorTests.DetectFileType_MultipleDotsInFilename_ShouldUseLastExtension(fileName: &quot;report.backup.csv&quot;, expected: Csv)" computerName="MPHILLIPS2" duration="00:00:00.0000056" startTime="2026-01-09T13:48:12.1941490-05:00" endTime="2026-01-09T13:48:12.1941491-05:00" testType="13cdc9d9-ddb5-4fa4-a97d-d965ccfc6d4b" outcome="Passed" testListId="8c84fa94-04c1-424b-9868-57a2d4851a1d" relativeResultsDirectory="eea110df-465f-4640-927e-382561df171b" />
    <UnitTestResult executionId="d44b71cc-e61a-4bc7-90a9-5e487e6273b2" testId="a010fe5a-dcac-91cb-4ee1-4812d38f3481" testName="ExcelComparer.Tests.Unit.FileTypeDetectorTests.AreSameType_VariousFiles_ShouldReturnCorrectResult(file1: &quot;file1.xlsm&quot;, file2: &quot;file2.xlsx&quot;, expected: True)" computerName="MPHILLIPS2" duration="00:00:00.0000044" startTime="2026-01-09T13:48:12.1927954-05:00" endTime="2026-01-09T13:48:12.1927955-05:00" testType="13cdc9d9-ddb5-4fa4-a97d-d965ccfc6d4b" outcome="Passed" testListId="8c84fa94-04c1-424b-9868-57a2d4851a1d" relativeResultsDirectory="d44b71cc-e61a-4bc7-90a9-5e487e6273b2" />
    <UnitTestResult executionId="6da097bd-d33c-4b2e-a678-850817078099" testId="b7c32cbc-4203-956d-de52-0e7f385f5e22" testName="ExcelComparer.Tests.Unit.CellComparerTests.CompareWorksheets_NumericDifferenceBeyondTolerance_ShouldReturnMismatch" computerName="MPHILLIPS2" duration="00:00:00.0032963" startTime="2026-01-09T13:48:20.4004405-05:00" endTime="2026-01-09T13:48:20.4004411-05:00" testType="13cdc9d9-ddb5-4fa4-a97d-d965ccfc6d4b" outcome="Passed" testListId="8c84fa94-04c1-424b-9868-57a2d4851a1d" relativeResultsDirectory="6da097bd-d33c-4b2e-a678-850817078099" />
    <UnitTestResult executionId="0917f7eb-a3af-4889-b763-31c80953ce3a" testId="d7bf87e7-9a0f-bde8-3f53-ec30cb26e4fb" testName="ExcelComparer.Tests.Unit.FileTypeDetectorTests.DetectFileType_ExcelFiles_ShouldReturnExcel(fileName: &quot;file.xlsm&quot;, expected: Excel)" computerName="MPHILLIPS2" duration="00:00:00.0000046" startTime="2026-01-09T13:48:12.1857891-05:00" endTime="2026-01-09T13:48:12.1857891-05:00" testType="13cdc9d9-ddb5-4fa4-a97d-d965ccfc6d4b" outcome="Passed" testListId="8c84fa94-04c1-424b-9868-57a2d4851a1d" relativeResultsDirectory="0917f7eb-a3af-4889-b763-31c80953ce3a" />
    <UnitTestResult executionId="b50e64cf-3890-4e76-b72b-944b04226854" testId="4b33f4bb-5867-d8db-4920-a9d18512cd7d" testName="ExcelComparer.Tests.Unit.ComparisonConfigTests.Tolerance_ShouldAcceptValidPositiveValues(tolerance: 1E-10)" computerName="MPHILLIPS2" duration="00:00:00.0119256" startTime="2026-01-09T13:48:12.1492060-05:00" endTime="2026-01-09T13:48:12.1492335-05:00" testType="13cdc9d9-ddb5-4fa4-a97d-d965ccfc6d4b" outcome="Passed" testListId="8c84fa94-04c1-424b-9868-57a2d4851a1d" relativeResultsDirectory="b50e64cf-3890-4e76-b72b-944b04226854" />
    <UnitTestResult executionId="90843627-da31-48cb-9f84-08c65eec6f91" testId="8ac906d8-5923-ac15-19ea-920e87613df1" testName="ExcelComparer.Tests.Unit.FileTypeDetectorTests.AreSameType_BothNull_ShouldReturnFalse" computerName="MPHILLIPS2" duration="00:00:00.0118872" startTime="2026-01-09T13:48:12.1523585-05:00" endTime="2026-01-09T13:48:12.1523586-05:00" testType="13cdc9d9-ddb5-4fa4-a97d-d965ccfc6d4b" outcome="Passed" testListId="8c84fa94-04c1-424b-9868-57a2d4851a1d" relativeResultsDirectory="90843627-da31-48cb-9f84-08c65eec6f91" />
    <UnitTestResult executionId="bccddf15-602a-4b5a-a6e1-c22387837d98" testId="a24c1ce9-0761-9300-c9df-d10b602ecb06" testName="ExcelComparer.Tests.Unit.CellComparerTests.CompareWorksheets_LargeCellCount_ShouldUseLongForCount" computerName="MPHILLIPS2" duration="00:00:08.2634039" startTime="2026-01-09T13:48:20.3947352-05:00" endTime="2026-01-09T13:48:20.3947357-05:00" testType="13cdc9d9-ddb5-4fa4-a97d-d965ccfc6d4b" outcome="Passed" testListId="8c84fa94-04c1-424b-9868-57a2d4851a1d" relativeResultsDirectory="bccddf15-602a-4b5a-a6e1-c22387837d98" />
    <UnitTestResult executionId="3bce99a6-a96b-4896-a781-07ae2232c0c2" testId="b1c7a9f4-91ca-4373-a54c-83e611fcf357" testName="ExcelComparer.Tests.Unit.FileTypeDetectorTests.DetectFileType_MultipleDotsInFilename_ShouldUseLastExtension(fileName: &quot;file.2024.01.15.txt&quot;, expected: Csv)" computerName="MPHILLIPS2" duration="00:00:00.0001008" startTime="2026-01-09T13:48:12.1936545-05:00" endTime="2026-01-09T13:48:12.1936546-05:00" testType="13cdc9d9-ddb5-4fa4-a97d-d965ccfc6d4b" outcome="Passed" testListId="8c84fa94-04c1-424b-9868-57a2d4851a1d" relativeResultsDirectory="3bce99a6-a96b-4896-a781-07ae2232c0c2" />
    <UnitTestResult executionId="351f2d76-90b8-4bda-86a5-3d796936743d" testId="e61ccaea-3f52-66f3-b614-c7786b2b115f" testName="ExcelComparer.Tests.Unit.FileTypeDetectorTests.DetectFileType_MultipleDotsInFilename_ShouldUseLastExtension(fileName: &quot;archive.v1.xlsm&quot;, expected: Excel)" computerName="MPHILLIPS2" duration="00:00:00.0001767" startTime="2026-01-09T13:48:12.1936912-05:00" endTime="2026-01-09T13:48:12.1936912-05:00" testType="13cdc9d9-ddb5-4fa4-a97d-d965ccfc6d4b" outcome="Passed" testListId="8c84fa94-04c1-424b-9868-57a2d4851a1d" relativeResultsDirectory="351f2d76-90b8-4bda-86a5-3d796936743d" />
    <UnitTestResult executionId="80ae264e-4b53-4a3c-bcad-2141a43b9d30" testId="b15fd447-f439-d7c8-8b3a-34c977bcd6e8" testName="ExcelComparer.Tests.Unit.ComparisonConfigTests.Tolerance_CanBeSetToZero" computerName="MPHILLIPS2" duration="00:00:00.0001094" startTime="2026-01-09T13:48:12.1856741-05:00" endTime="2026-01-09T13:48:12.1856742-05:00" testType="13cdc9d9-ddb5-4fa4-a97d-d965ccfc6d4b" outcome="Passed" testListId="8c84fa94-04c1-424b-9868-57a2d4851a1d" relativeResultsDirectory="80ae264e-4b53-4a3c-bcad-2141a43b9d30" />
    <UnitTestResult executionId="4b4f5571-9f7c-4137-bf72-0aecf5a1e457" testId="cea33b4c-edf3-74a6-9621-8d56a7613c55" testName="ExcelComparer.Tests.Unit.FileTypeDetectorTests.DetectFileType_MultipleDotsInFilename_ShouldUseLastExtension(fileName: &quot;data.old.xlsx&quot;, expected: Excel)" computerName="MPHILLIPS2" duration="00:00:00.0000069" startTime="2026-01-09T13:48:12.1937302-05:00" endTime="2026-01-09T13:48:12.1937302-05:00" testType="13cdc9d9-ddb5-4fa4-a97d-d965ccfc6d4b" outcome="Passed" testListId="8c84fa94-04c1-424b-9868-57a2d4851a1d" relativeResultsDirectory="4b4f5571-9f7c-4137-bf72-0aecf5a1e457" />
    <UnitTestResult executionId="8f8be457-4858-4a02-aadb-d7de0547202a" testId="15034069-dcf4-97ae-2737-62739a673fe8" testName="ExcelComparer.Tests.Unit.ComparisonResultTests.TotalMismatches_ShouldReturnSumOfNumericAndText(numeric: 10, text: 0, expected: 10)" computerName="MPHILLIPS2" duration="00:00:00.0000052" startTime="2026-01-09T13:48:12.1785336-05:00" endTime="2026-01-09T13:48:12.1785336-05:00" testType="13cdc9d9-ddb5-4fa4-a97d-d965ccfc6d4b" outcome="Passed" testListId="8c84fa94-04c1-424b-9868-57a2d4851a1d" relativeResultsDirectory="8f8be457-4858-4a02-aadb-d7de0547202a" />
    <UnitTestResult executionId="75b0639e-d3f5-4093-9900-461dd4f8d507" testId="6f3adfe4-7b4f-1cb4-0624-4af8192c8b6e" testName="ExcelComparer.Tests.Unit.CellComparerTests.CompareWorksheets_ZeroVsNegativeZero_ShouldMatch" computerName="MPHILLIPS2" duration="00:00:00.0014286" startTime="2026-01-09T13:48:20.4209631-05:00" endTime="2026-01-09T13:48:20.4209633-05:00" testType="13cdc9d9-ddb5-4fa4-a97d-d965ccfc6d4b" outcome="Passed" testListId="8c84fa94-04c1-424b-9868-57a2d4851a1d" relativeResultsDirectory="75b0639e-d3f5-4093-9900-461dd4f8d507" />
    <UnitTestResult executionId="1cc018bf-00fa-4ca6-aac6-52e8e83d90cc" testId="2fce9352-6d2f-c065-95bf-0f5f3e822e90" testName="ExcelComparer.Tests.Unit.FileTypeDetectorTests.DetectFileType_ExcelFiles_ShouldReturnExcel(fileName: &quot;file.xlsx&quot;, expected: Excel)" computerName="MPHILLIPS2" duration="00:00:00.0009460" startTime="2026-01-09T13:48:12.1856956-05:00" endTime="2026-01-09T13:48:12.1856956-05:00" testType="13cdc9d9-ddb5-4fa4-a97d-d965ccfc6d4b" outcome="Passed" testListId="8c84fa94-04c1-424b-9868-57a2d4851a1d" relativeResultsDirectory="1cc018bf-00fa-4ca6-aac6-52e8e83d90cc" />
    <UnitTestResult executionId="f876a78b-5316-4fc2-9531-a95b7c35bffa" testId="a2a4fdbe-6fef-53f4-eb22-de18a71ca0be" testName="ExcelComparer.Tests.Unit.CellComparerTests.CompareWorksheets_MixedNumericAndText_ShouldCompareCorrectly" computerName="MPHILLIPS2" duration="00:00:00.0018837" startTime="2026-01-09T13:48:20.4095402-05:00" endTime="2026-01-09T13:48:20.4095404-05:00" testType="13cdc9d9-ddb5-4fa4-a97d-d965ccfc6d4b" outcome="Passed" testListId="8c84fa94-04c1-424b-9868-57a2d4851a1d" relativeResultsDirectory="f876a78b-5316-4fc2-9531-a95b7c35bffa" />
    <UnitTestResult executionId="9c86f0a9-76f8-4222-9048-17fd459cb7fc" testId="5d9fc50d-4cbe-e9e0-30cb-64e5fac40f02" testName="ExcelComparer.Tests.Unit.FileTypeDetectorTests.DetectFileType_CsvFiles_ShouldReturnCsv(fileName: &quot;file.csv&quot;, expected: Csv)" computerName="MPHILLIPS2" duration="00:00:00.0001584" startTime="2026-01-09T13:48:12.1935058-05:00" endTime="2026-01-09T13:48:12.1935059-05:00" testType="13cdc9d9-ddb5-4fa4-a97d-d965ccfc6d4b" outcome="Passed" testListId="8c84fa94-04c1-424b-9868-57a2d4851a1d" relativeResultsDirectory="9c86f0a9-76f8-4222-9048-17fd459cb7fc" />
    <UnitTestResult executionId="85913b94-de50-4226-b6c0-dead7d07cda0" testId="bbb96704-a7d5-804c-32f1-413e91971e3d" testName="ExcelComparer.Tests.Unit.CellComparerTests.CompareWorksheets_IdenticalNumericCells_ShouldReturnNoMismatches" computerName="MPHILLIPS2" duration="00:00:00.0032639" startTime="2026-01-09T13:48:20.4160876-05:00" endTime="2026-01-09T13:48:20.4160878-05:00" testType="13cdc9d9-ddb5-4fa4-a97d-d965ccfc6d4b" outcome="Passed" testListId="8c84fa94-04c1-424b-9868-57a2d4851a1d" relativeResultsDirectory="85913b94-de50-4226-b6c0-dead7d07cda0" />
    <UnitTestResult executionId="249beac8-90a4-4860-ba49-812bec2d5cb1" testId="c2050d2a-ec55-bce8-5f1b-b65dc60b5f4c" testName="ExcelComparer.Tests.Unit.PerformanceTests.CompareWorksheets_DataStartsAtNonOrigin_ShouldHandleCorrectly" computerName="MPHILLIPS2" duration="00:00:00.0027921" startTime="2026-01-09T13:48:12.6406078-05:00" endTime="2026-01-09T13:48:12.6406081-05:00" testType="13cdc9d9-ddb5-4fa4-a97d-d965ccfc6d4b" outcome="Passed" testListId="8c84fa94-04c1-424b-9868-57a2d4851a1d" relativeResultsDirectory="249beac8-90a4-4860-ba49-812bec2d5cb1" />
    <UnitTestResult executionId="097536ad-8ec4-465f-9353-55c442def73f" testId="b9e46526-afed-24fd-e4d6-3a4bdd5cbd56" testName="ExcelComparer.Tests.Unit.PerformanceTests.CompareWorksheets_OneEmptyOneWithSparseData_ShouldDetectMismatches" computerName="MPHILLIPS2" duration="00:00:00.0060384" startTime="2026-01-09T13:48:12.6286676-05:00" endTime="2026-01-09T13:48:12.6286683-05:00" testType="13cdc9d9-ddb5-4fa4-a97d-d965ccfc6d4b" outcome="Passed" testListId="8c84fa94-04c1-424b-9868-57a2d4851a1d" relativeResultsDirectory="097536ad-8ec4-465f-9353-55c442def73f" />
    <UnitTestResult executionId="7359606b-b197-435b-a9c5-72ee14a3315e" testId="65b5ed52-c4da-e35d-8d49-2fc35b2470f1" testName="ExcelComparer.Tests.Unit.FileTypeDetectorTests.DetectFileType_UnknownFiles_ShouldReturnUnknown(fileName: &quot;file&quot;)" computerName="MPHILLIPS2" duration="00:00:00.0000058" startTime="2026-01-09T13:48:12.1934123-05:00" endTime="2026-01-09T13:48:12.1934124-05:00" testType="13cdc9d9-ddb5-4fa4-a97d-d965ccfc6d4b" outcome="Passed" testListId="8c84fa94-04c1-424b-9868-57a2d4851a1d" relativeResultsDirectory="7359606b-b197-435b-a9c5-72ee14a3315e" />
    <UnitTestResult executionId="0f1d7cbd-f547-4906-8bad-0b5e6f13a496" testId="94128638-f492-926b-e6ae-c8a33cb22c72" testName="ExcelComparer.Tests.Unit.ComparisonConfigTests.Tolerance_ShouldAcceptValidPositiveValues(tolerance: 1)" computerName="MPHILLIPS2" duration="00:00:00.0000054" startTime="2026-01-09T13:48:12.1785258-05:00" endTime="2026-01-09T13:48:12.1785259-05:00" testType="13cdc9d9-ddb5-4fa4-a97d-d965ccfc6d4b" outcome="Passed" testListId="8c84fa94-04c1-424b-9868-57a2d4851a1d" relativeResultsDirectory="0f1d7cbd-f547-4906-8bad-0b5e6f13a496" />
    <UnitTestResult executionId="4c3af7ec-ae33-4141-89aa-12f956fc95d5" testId="2d525913-678d-cf5b-dd93-fe99b9103666" testName="ExcelComparer.Tests.Unit.PerformanceTests.CompareWorksheets_PerformanceComparison_SparseVsDense" computerName="MPHILLIPS2" duration="00:00:00.1947960" startTime="2026-01-09T13:48:12.6224712-05:00" endTime="2026-01-09T13:48:12.6224721-05:00" testType="13cdc9d9-ddb5-4fa4-a97d-d965ccfc6d4b" outcome="Passed" testListId="8c84fa94-04c1-424b-9868-57a2d4851a1d" relativeResultsDirectory="4c3af7ec-ae33-4141-89aa-12f956fc95d5" />
    <UnitTestResult executionId="1541cbff-42c0-4c27-b3f3-e52114040b95" testId="3b1524f4-b262-3270-4b2e-3c0671c3f212" testName="ExcelComparer.Tests.Unit.FileTypeDetectorTests.DetectFileType_UnknownFiles_ShouldReturnUnknown(fileName: &quot;&quot;)" computerName="MPHILLIPS2" duration="00:00:00.0000068" startTime="2026-01-09T13:48:12.1933663-05:00" endTime="2026-01-09T13:48:12.1933664-05:00" testType="13cdc9d9-ddb5-4fa4-a97d-d965ccfc6d4b" outcome="Passed" testListId="8c84fa94-04c1-424b-9868-57a2d4851a1d" relativeResultsDirectory="1541cbff-42c0-4c27-b3f3-e52114040b95" />
  </Results>
  <TestDefinitions>
    <UnitTest name="ExcelComparer.Tests.Unit.FileTypeDetectorTests.DetectFileType_ExcelFiles_ShouldReturnExcel(fileName: &quot;file.xlsx&quot;, expected: Excel)" storage="c:\users\jsmathers\source\repos\excelcomparer\excelcomparer.tests\bin\debug\net9.0\excelcomparer.tests.dll" id="2fce9352-6d2f-c065-95bf-0f5f3e822e90">
      <Execution id="1cc018bf-00fa-4ca6-aac6-52e8e83d90cc" />
      <TestMethod codeBase="C:\Users\jsmathers\source\repos\ExcelComparer\ExcelComparer.Tests\bin\Debug\net9.0\ExcelComparer.Tests.dll" adapterTypeName="executor://xunit/VsTestRunner2/netcoreapp" className="ExcelComparer.Tests.Unit.FileTypeDetectorTests" name="DetectFileType_ExcelFiles_ShouldReturnExcel" />
    </UnitTest>
    <UnitTest name="ExcelComparer.Tests.Unit.ComparisonConfigTests.Tolerance_ShouldAcceptValidPositiveValues(tolerance: 0.001)" storage="c:\users\jsmathers\source\repos\excelcomparer\excelcomparer.tests\bin\debug\net9.0\excelcomparer.tests.dll" id="c2c7d1aa-8c8c-982d-00ae-657f2dd3212c">
      <Execution id="a38cd67e-574d-4661-9557-0db8ccfccc2d" />
      <TestMethod codeBase="C:\Users\jsmathers\source\repos\ExcelComparer\ExcelComparer.Tests\bin\Debug\net9.0\ExcelComparer.Tests.dll" adapterTypeName="executor://xunit/VsTestRunner2/netcoreapp" className="ExcelComparer.Tests.Unit.ComparisonConfigTests" name="Tolerance_ShouldAcceptValidPositiveValues" />
    </UnitTest>
    <UnitTest name="ExcelComparer.Tests.Unit.CellComparerTests.CompareWorksheets_IdenticalNumericCells_ShouldReturnNoMismatches" storage="c:\users\jsmathers\source\repos\excelcomparer\excelcomparer.tests\bin\debug\net9.0\excelcomparer.tests.dll" id="bbb96704-a7d5-804c-32f1-413e91971e3d">
      <Execution id="85913b94-de50-4226-b6c0-dead7d07cda0" />
      <TestMethod codeBase="C:\Users\jsmathers\source\repos\ExcelComparer\ExcelComparer.Tests\bin\Debug\net9.0\ExcelComparer.Tests.dll" adapterTypeName="executor://xunit/VsTestRunner2/netcoreapp" className="ExcelComparer.Tests.Unit.CellComparerTests" name="CompareWorksheets_IdenticalNumericCells_ShouldReturnNoMismatches" />
    </UnitTest>
    <UnitTest name="ExcelComparer.Tests.Unit.FileTypeDetectorTests.AreExcelFiles_BothExcel_ShouldReturnTrue" storage="c:\users\jsmathers\source\repos\excelcomparer\excelcomparer.tests\bin\debug\net9.0\excelcomparer.tests.dll" id="ccacdd29-7fb3-50be-7667-2953ac2965de">
      <Execution id="7e3f8a48-e848-4573-8fd6-4dcbcb282697" />
      <TestMethod codeBase="C:\Users\jsmathers\source\repos\ExcelComparer\ExcelComparer.Tests\bin\Debug\net9.0\ExcelComparer.Tests.dll" adapterTypeName="executor://xunit/VsTestRunner2/netcoreapp" className="ExcelComparer.Tests.Unit.FileTypeDetectorTests" name="AreExcelFiles_BothExcel_ShouldReturnTrue" />
    </UnitTest>
    <UnitTest name="ExcelComparer.Tests.Unit.PerformanceTests.CompareWorksheets_SparseData_ShouldOnlyCompareUsedRange" storage="c:\users\jsmathers\source\repos\excelcomparer\excelcomparer.tests\bin\debug\net9.0\excelcomparer.tests.dll" id="a2d97878-db53-aa9b-e52b-333403ae81a8">
      <Execution id="0652ad88-0489-4a23-9b2c-5f881b25b12f" />
      <TestMethod codeBase="C:\Users\jsmathers\source\repos\ExcelComparer\ExcelComparer.Tests\bin\Debug\net9.0\ExcelComparer.Tests.dll" adapterTypeName="executor://xunit/VsTestRunner2/netcoreapp" className="ExcelComparer.Tests.Unit.PerformanceTests" name="CompareWorksheets_SparseData_ShouldOnlyCompareUsedRange" />
    </UnitTest>
    <UnitTest name="ExcelComparer.Tests.Unit.PerformanceTests.CompareWorksheets_DataStartsAtNonOrigin_ShouldHandleCorrectly" storage="c:\users\jsmathers\source\repos\excelcomparer\excelcomparer.tests\bin\debug\net9.0\excelcomparer.tests.dll" id="c2050d2a-ec55-bce8-5f1b-b65dc60b5f4c">
      <Execution id="249beac8-90a4-4860-ba49-812bec2d5cb1" />
      <TestMethod codeBase="C:\Users\jsmathers\source\repos\ExcelComparer\ExcelComparer.Tests\bin\Debug\net9.0\ExcelComparer.Tests.dll" adapterTypeName="executor://xunit/VsTestRunner2/netcoreapp" className="ExcelComparer.Tests.Unit.PerformanceTests" name="CompareWorksheets_DataStartsAtNonOrigin_ShouldHandleCorrectly" />
    </UnitTest>
    <UnitTest name="ExcelComparer.Tests.Unit.FileTypeDetectorTests.AreCsvFiles_BothCsv_ShouldReturnTrue" storage="c:\users\jsmathers\source\repos\excelcomparer\excelcomparer.tests\bin\debug\net9.0\excelcomparer.tests.dll" id="f7454765-bbcf-c49b-bf80-326a00d0e198">
      <Execution id="6b9768f8-fef0-4535-84a4-77e065220252" />
      <TestMethod codeBase="C:\Users\jsmathers\source\repos\ExcelComparer\ExcelComparer.Tests\bin\Debug\net9.0\ExcelComparer.Tests.dll" adapterTypeName="executor://xunit/VsTestRunner2/netcoreapp" className="ExcelComparer.Tests.Unit.FileTypeDetectorTests" name="AreCsvFiles_BothCsv_ShouldReturnTrue" />
    </UnitTest>
    <UnitTest name="ExcelComparer.Tests.Unit.FileTypeDetectorTests.DetectFileType_UnknownFiles_ShouldReturnUnknown(fileName: &quot;file.pdf&quot;)" storage="c:\users\jsmathers\source\repos\excelcomparer\excelcomparer.tests\bin\debug\net9.0\excelcomparer.tests.dll" id="0100f1a0-a52d-10e4-4a61-422a368ad5e0">
      <Execution id="f81fe4ff-9776-42c7-95c2-f7f2f82bbce0" />
      <TestMethod codeBase="C:\Users\jsmathers\source\repos\ExcelComparer\ExcelComparer.Tests\bin\Debug\net9.0\ExcelComparer.Tests.dll" adapterTypeName="executor://xunit/VsTestRunner2/netcoreapp" className="ExcelComparer.Tests.Unit.FileTypeDetectorTests" name="DetectFileType_UnknownFiles_ShouldReturnUnknown" />
    </UnitTest>
    <UnitTest name="ExcelComparer.Tests.Unit.FileTypeDetectorTests.DetectFileType_MultipleDotsInFilename_ShouldUseLastExtension(fileName: &quot;archive.v1.xlsm&quot;, expected: Excel)" storage="c:\users\jsmathers\source\repos\excelcomparer\excelcomparer.tests\bin\debug\net9.0\excelcomparer.tests.dll" id="e61ccaea-3f52-66f3-b614-c7786b2b115f">
      <Execution id="351f2d76-90b8-4bda-86a5-3d796936743d" />
      <TestMethod codeBase="C:\Users\jsmathers\source\repos\ExcelComparer\ExcelComparer.Tests\bin\Debug\net9.0\ExcelComparer.Tests.dll" adapterTypeName="executor://xunit/VsTestRunner2/netcoreapp" className="ExcelComparer.Tests.Unit.FileTypeDetectorTests" name="DetectFileType_MultipleDotsInFilename_ShouldUseLastExtension" />
    </UnitTest>
    <UnitTest name="ExcelComparer.Tests.Unit.FileTypeDetectorTests.AreExcelFiles_OneCsv_ShouldReturnFalse" storage="c:\users\jsmathers\source\repos\excelcomparer\excelcomparer.tests\bin\debug\net9.0\excelcomparer.tests.dll" id="819e3ae2-e8b3-671f-3beb-75ecb68be60d">
      <Execution id="f8eb73c0-b578-4069-a368-3b84b5e3671b" />
      <TestMethod codeBase="C:\Users\jsmathers\source\repos\ExcelComparer\ExcelComparer.Tests\bin\Debug\net9.0\ExcelComparer.Tests.dll" adapterTypeName="executor://xunit/VsTestRunner2/netcoreapp" className="ExcelComparer.Tests.Unit.FileTypeDetectorTests" name="AreExcelFiles_OneCsv_ShouldReturnFalse" />
    </UnitTest>
    <UnitTest name="ExcelComparer.Tests.Unit.FileTypeDetectorTests.AreSameType_OneNull_ShouldReturnFalse(file1: &quot;file.xlsx&quot;, file2: null)" storage="c:\users\jsmathers\source\repos\excelcomparer\excelcomparer.tests\bin\debug\net9.0\excelcomparer.tests.dll" id="32d2650e-3bc2-a759-a6ae-e321a7c2938a">
      <Execution id="5ebbc974-141f-4d58-80e8-5c7f0a8037cb" />
      <TestMethod codeBase="C:\Users\jsmathers\source\repos\ExcelComparer\ExcelComparer.Tests\bin\Debug\net9.0\ExcelComparer.Tests.dll" adapterTypeName="executor://xunit/VsTestRunner2/netcoreapp" className="ExcelComparer.Tests.Unit.FileTypeDetectorTests" name="AreSameType_OneNull_ShouldReturnFalse" />
    </UnitTest>
    <UnitTest name="ExcelComparer.Tests.Unit.ComparisonResultTests.TotalMismatches_ShouldReturnSumOfNumericAndText(numeric: 0, text: 0, expected: 0)" storage="c:\users\jsmathers\source\repos\excelcomparer\excelcomparer.tests\bin\debug\net9.0\excelcomparer.tests.dll" id="04c90580-aace-e330-2ca7-5404097a76e8">
      <Execution id="80e71059-a02b-4f2d-aefa-6d4bc7cad615" />
      <TestMethod codeBase="C:\Users\jsmathers\source\repos\ExcelComparer\ExcelComparer.Tests\bin\Debug\net9.0\ExcelComparer.Tests.dll" adapterTypeName="executor://xunit/VsTestRunner2/netcoreapp" className="ExcelComparer.Tests.Unit.ComparisonResultTests" name="TotalMismatches_ShouldReturnSumOfNumericAndText" />
    </UnitTest>
    <UnitTest name="ExcelComparer.Tests.Unit.FileTypeDetectorTests.AreSameType_VariousFiles_ShouldReturnCorrectResult(file1: &quot;file1.xlsx&quot;, file2: &quot;file2.csv&quot;, expected: False)" storage="c:\users\jsmathers\source\repos\excelcomparer\excelcomparer.tests\bin\debug\net9.0\excelcomparer.tests.dll" id="01a48b43-9e9f-da94-3c5f-a65a87bbdf0f">
      <Execution id="ddd69fce-4e22-414d-ac9a-ef1aa679f0dd" />
      <TestMethod codeBase="C:\Users\jsmathers\source\repos\ExcelComparer\ExcelComparer.Tests\bin\Debug\net9.0\ExcelComparer.Tests.dll" adapterTypeName="executor://xunit/VsTestRunner2/netcoreapp" className="ExcelComparer.Tests.Unit.FileTypeDetectorTests" name="AreSameType_VariousFiles_ShouldReturnCorrectResult" />
    </UnitTest>
    <UnitTest name="ExcelComparer.Tests.Unit.ComparisonConfigTests.Tolerance_ShouldAcceptValidPositiveValues(tolerance: 1)" storage="c:\users\jsmathers\source\repos\excelcomparer\excelcomparer.tests\bin\debug\net9.0\excelcomparer.tests.dll" id="94128638-f492-926b-e6ae-c8a33cb22c72">
      <Execution id="0f1d7cbd-f547-4906-8bad-0b5e6f13a496" />
      <TestMethod codeBase="C:\Users\jsmathers\source\repos\ExcelComparer\ExcelComparer.Tests\bin\Debug\net9.0\ExcelComparer.Tests.dll" adapterTypeName="executor://xunit/VsTestRunner2/netcoreapp" className="ExcelComparer.Tests.Unit.ComparisonConfigTests" name="Tolerance_ShouldAcceptValidPositiveValues" />
    </UnitTest>
    <UnitTest name="ExcelComparer.Tests.Unit.FileTypeDetectorTests.DetectFileType_ExcelFiles_ShouldReturnExcel(fileName: &quot;file.xls&quot;, expected: Excel)" storage="c:\users\jsmathers\source\repos\excelcomparer\excelcomparer.tests\bin\debug\net9.0\excelcomparer.tests.dll" id="a6318da8-52fd-7906-7075-2e8b058fdd98">
      <Execution id="f8dd5971-ca73-4f17-8fe6-3237fe9a09f2" />
      <TestMethod codeBase="C:\Users\jsmathers\source\repos\ExcelComparer\ExcelComparer.Tests\bin\Debug\net9.0\ExcelComparer.Tests.dll" adapterTypeName="executor://xunit/VsTestRunner2/netcoreapp" className="ExcelComparer.Tests.Unit.FileTypeDetectorTests" name="DetectFileType_ExcelFiles_ShouldReturnExcel" />
    </UnitTest>
    <UnitTest name="ExcelComparer.Tests.Unit.ComparisonConfigTests.Tolerance_ShouldAcceptValidPositiveValues(tolerance: 0)" storage="c:\users\jsmathers\source\repos\excelcomparer\excelcomparer.tests\bin\debug\net9.0\excelcomparer.tests.dll" id="2819f22a-c85b-813d-6244-33dc9334b53e">
      <Execution id="74a15357-01d2-4f0f-adc7-3aabe361eeb1" />
      <TestMethod codeBase="C:\Users\jsmathers\source\repos\ExcelComparer\ExcelComparer.Tests\bin\Debug\net9.0\ExcelComparer.Tests.dll" adapterTypeName="executor://xunit/VsTestRunner2/netcoreapp" className="ExcelComparer.Tests.Unit.ComparisonConfigTests" name="Tolerance_ShouldAcceptValidPositiveValues" />
    </UnitTest>
    <UnitTest name="ExcelComparer.Tests.Unit.ComparisonResultTests.PrintSummary_WithNoMismatches_ShouldDisplaySuccessMessage" storage="c:\users\jsmathers\source\repos\excelcomparer\excelcomparer.tests\bin\debug\net9.0\excelcomparer.tests.dll" id="464a2898-de5a-6f79-7857-620b96085683">
      <Execution id="a5933573-fbf1-44d1-b916-a6a2c0b51229" />
      <TestMethod codeBase="C:\Users\jsmathers\source\repos\ExcelComparer\ExcelComparer.Tests\bin\Debug\net9.0\ExcelComparer.Tests.dll" adapterTypeName="executor://xunit/VsTestRunner2/netcoreapp" className="ExcelComparer.Tests.Unit.ComparisonResultTests" name="PrintSummary_WithNoMismatches_ShouldDisplaySuccessMessage" />
    </UnitTest>
    <UnitTest name="ExcelComparer.Tests.Unit.FileTypeDetectorTests.AreExcelFiles_BothNull_ShouldReturnFalse" storage="c:\users\jsmathers\source\repos\excelcomparer\excelcomparer.tests\bin\debug\net9.0\excelcomparer.tests.dll" id="7c15fe08-62bb-6d6b-e519-fd19c4dac18f">
      <Execution id="e9fc0148-c63b-4157-b68d-c99dd62d5554" />
      <TestMethod codeBase="C:\Users\jsmathers\source\repos\ExcelComparer\ExcelComparer.Tests\bin\Debug\net9.0\ExcelComparer.Tests.dll" adapterTypeName="executor://xunit/VsTestRunner2/netcoreapp" className="ExcelComparer.Tests.Unit.FileTypeDetectorTests" name="AreExcelFiles_BothNull_ShouldReturnFalse" />
    </UnitTest>
    <UnitTest name="ExcelComparer.Tests.Unit.FileTypeDetectorTests.DetectFileType_WhitespaceOnly_ShouldReturnUnknown" storage="c:\users\jsmathers\source\repos\excelcomparer\excelcomparer.tests\bin\debug\net9.0\excelcomparer.tests.dll" id="cccf2a5d-f6ce-98c9-1314-53eee5a1b646">
      <Execution id="85ed747d-6087-48e4-a08e-a047a8d05445" />
      <TestMethod codeBase="C:\Users\jsmathers\source\repos\ExcelComparer\ExcelComparer.Tests\bin\Debug\net9.0\ExcelComparer.Tests.dll" adapterTypeName="executor://xunit/VsTestRunner2/netcoreapp" className="ExcelComparer.Tests.Unit.FileTypeDetectorTests" name="DetectFileType_WhitespaceOnly_ShouldReturnUnknown" />
    </UnitTest>
    <UnitTest name="ExcelComparer.Tests.Unit.FileTypeDetectorTests.DetectFileType_CsvFiles_ShouldReturnCsv(fileName: &quot;file.csv&quot;, expected: Csv)" storage="c:\users\jsmathers\source\repos\excelcomparer\excelcomparer.tests\bin\debug\net9.0\excelcomparer.tests.dll" id="5d9fc50d-4cbe-e9e0-30cb-64e5fac40f02">
      <Execution id="9c86f0a9-76f8-4222-9048-17fd459cb7fc" />
      <TestMethod codeBase="C:\Users\jsmathers\source\repos\ExcelComparer\ExcelComparer.Tests\bin\Debug\net9.0\ExcelComparer.Tests.dll" adapterTypeName="executor://xunit/VsTestRunner2/netcoreapp" className="ExcelComparer.Tests.Unit.FileTypeDetectorTests" name="DetectFileType_CsvFiles_ShouldReturnCsv" />
    </UnitTest>
    <UnitTest name="ExcelComparer.Tests.Unit.ComparisonConfigTests.DefaultTolerance_ShouldBe1e15" storage="c:\users\jsmathers\source\repos\excelcomparer\excelcomparer.tests\bin\debug\net9.0\excelcomparer.tests.dll" id="13020813-90c7-37b5-1277-e0d436b6e3b9">
      <Execution id="6462e198-bf31-4426-80ac-6dd141b08941" />
      <TestMethod codeBase="C:\Users\jsmathers\source\repos\ExcelComparer\ExcelComparer.Tests\bin\Debug\net9.0\ExcelComparer.Tests.dll" adapterTypeName="executor://xunit/VsTestRunner2/netcoreapp" className="ExcelComparer.Tests.Unit.ComparisonConfigTests" name="DefaultTolerance_ShouldBe1e15" />
    </UnitTest>
    <UnitTest name="ExcelComparer.Tests.Unit.ComparisonResultTests.TotalMismatches_ShouldReturnSumOfNumericAndText(numeric: 10, text: 0, expected: 10)" storage="c:\users\jsmathers\source\repos\excelcomparer\excelcomparer.tests\bin\debug\net9.0\excelcomparer.tests.dll" id="15034069-dcf4-97ae-2737-62739a673fe8">
      <Execution id="8f8be457-4858-4a02-aadb-d7de0547202a" />
      <TestMethod codeBase="C:\Users\jsmathers\source\repos\ExcelComparer\ExcelComparer.Tests\bin\Debug\net9.0\ExcelComparer.Tests.dll" adapterTypeName="executor://xunit/VsTestRunner2/netcoreapp" className="ExcelComparer.Tests.Unit.ComparisonResultTests" name="TotalMismatches_ShouldReturnSumOfNumericAndText" />
    </UnitTest>
    <UnitTest name="ExcelComparer.Tests.Unit.FileTypeDetectorTests.DetectFileType_UnknownFiles_ShouldReturnUnknown(fileName: &quot;file&quot;)" storage="c:\users\jsmathers\source\repos\excelcomparer\excelcomparer.tests\bin\debug\net9.0\excelcomparer.tests.dll" id="65b5ed52-c4da-e35d-8d49-2fc35b2470f1">
      <Execution id="7359606b-b197-435b-a9c5-72ee14a3315e" />
      <TestMethod codeBase="C:\Users\jsmathers\source\repos\ExcelComparer\ExcelComparer.Tests\bin\Debug\net9.0\ExcelComparer.Tests.dll" adapterTypeName="executor://xunit/VsTestRunner2/netcoreapp" className="ExcelComparer.Tests.Unit.FileTypeDetectorTests" name="DetectFileType_UnknownFiles_ShouldReturnUnknown" />
    </UnitTest>
    <UnitTest name="ExcelComparer.Tests.Unit.FileTypeDetectorTests.AreSameType_VariousFiles_ShouldReturnCorrectResult(file1: &quot;file1.xlsx&quot;, file2: &quot;file2.xlsx&quot;, expected: True)" storage="c:\users\jsmathers\source\repos\excelcomparer\excelcomparer.tests\bin\debug\net9.0\excelcomparer.tests.dll" id="562c0cbe-bcc5-ca0b-2255-a92aecd580b1">
      <Execution id="0df30498-a092-49ec-8266-3d3145170f64" />
      <TestMethod codeBase="C:\Users\jsmathers\source\repos\ExcelComparer\ExcelComparer.Tests\bin\Debug\net9.0\ExcelComparer.Tests.dll" adapterTypeName="executor://xunit/VsTestRunner2/netcoreapp" className="ExcelComparer.Tests.Unit.FileTypeDetectorTests" name="AreSameType_VariousFiles_ShouldReturnCorrectResult" />
    </UnitTest>
    <UnitTest name="ExcelComparer.Tests.Unit.FileTypeDetectorTests.DetectFileType_NullString_ShouldReturnUnknown" storage="c:\users\jsmathers\source\repos\excelcomparer\excelcomparer.tests\bin\debug\net9.0\excelcomparer.tests.dll" id="f5dd2146-2ffa-f9f9-f2d3-b842baeca9bc">
      <Execution id="10a6445b-c598-4105-97f8-6bd028c24cf6" />
      <TestMethod codeBase="C:\Users\jsmathers\source\repos\ExcelComparer\ExcelComparer.Tests\bin\Debug\net9.0\ExcelComparer.Tests.dll" adapterTypeName="executor://xunit/VsTestRunner2/netcoreapp" className="ExcelComparer.Tests.Unit.FileTypeDetectorTests" name="DetectFileType_NullString_ShouldReturnUnknown" />
    </UnitTest>
    <UnitTest name="ExcelComparer.Tests.Unit.CellComparerTests.CompareWorksheets_ZeroVsNegativeZero_ShouldMatch" storage="c:\users\jsmathers\source\repos\excelcomparer\excelcomparer.tests\bin\debug\net9.0\excelcomparer.tests.dll" id="6f3adfe4-7b4f-1cb4-0624-4af8192c8b6e">
      <Execution id="75b0639e-d3f5-4093-9900-461dd4f8d507" />
      <TestMethod codeBase="C:\Users\jsmathers\source\repos\ExcelComparer\ExcelComparer.Tests\bin\Debug\net9.0\ExcelComparer.Tests.dll" adapterTypeName="executor://xunit/VsTestRunner2/netcoreapp" className="ExcelComparer.Tests.Unit.CellComparerTests" name="CompareWorksheets_ZeroVsNegativeZero_ShouldMatch" />
    </UnitTest>
    <UnitTest name="ExcelComparer.Tests.Unit.FileTypeDetectorTests.DetectFileType_CsvFiles_ShouldReturnCsv(fileName: &quot;FILE.CSV&quot;, expected: Csv)" storage="c:\users\jsmathers\source\repos\excelcomparer\excelcomparer.tests\bin\debug\net9.0\excelcomparer.tests.dll" id="bb29dd1b-c0e5-c45b-60e9-0a5912ef1842">
      <Execution id="18112c87-3f27-49a9-b277-41b96ad79f46" />
      <TestMethod codeBase="C:\Users\jsmathers\source\repos\ExcelComparer\ExcelComparer.Tests\bin\Debug\net9.0\ExcelComparer.Tests.dll" adapterTypeName="executor://xunit/VsTestRunner2/netcoreapp" className="ExcelComparer.Tests.Unit.FileTypeDetectorTests" name="DetectFileType_CsvFiles_ShouldReturnCsv" />
    </UnitTest>
    <UnitTest name="ExcelComparer.Tests.Unit.FileTypeDetectorTests.AreSameType_VariousFiles_ShouldReturnCorrectResult(file1: &quot;file1.csv&quot;, file2: &quot;file2.csv&quot;, expected: True)" storage="c:\users\jsmathers\source\repos\excelcomparer\excelcomparer.tests\bin\debug\net9.0\excelcomparer.tests.dll" id="dd5f31fc-6c46-cdeb-a7c8-bb1830936c47">
      <Execution id="2d607231-ee42-4d2e-ab3e-5ceac46079b7" />
      <TestMethod codeBase="C:\Users\jsmathers\source\repos\ExcelComparer\ExcelComparer.Tests\bin\Debug\net9.0\ExcelComparer.Tests.dll" adapterTypeName="executor://xunit/VsTestRunner2/netcoreapp" className="ExcelComparer.Tests.Unit.FileTypeDetectorTests" name="AreSameType_VariousFiles_ShouldReturnCorrectResult" />
    </UnitTest>
    <UnitTest name="ExcelComparer.Tests.Unit.FileTypeDetectorTests.DetectFileType_MultipleDotsInFilename_ShouldUseLastExtension(fileName: &quot;file.2024.01.15.txt&quot;, expected: Csv)" storage="c:\users\jsmathers\source\repos\excelcomparer\excelcomparer.tests\bin\debug\net9.0\excelcomparer.tests.dll" id="b1c7a9f4-91ca-4373-a54c-83e611fcf357">
      <Execution id="3bce99a6-a96b-4896-a781-07ae2232c0c2" />
      <TestMethod codeBase="C:\Users\jsmathers\source\repos\ExcelComparer\ExcelComparer.Tests\bin\Debug\net9.0\ExcelComparer.Tests.dll" adapterTypeName="executor://xunit/VsTestRunner2/netcoreapp" className="ExcelComparer.Tests.Unit.FileTypeDetectorTests" name="DetectFileType_MultipleDotsInFilename_ShouldUseLastExtension" />
    </UnitTest>
    <UnitTest name="ExcelComparer.Tests.Unit.PerformanceTests.CompareWorksheets_OneEmptyOneWithSparseData_ShouldDetectMismatches" storage="c:\users\jsmathers\source\repos\excelcomparer\excelcomparer.tests\bin\debug\net9.0\excelcomparer.tests.dll" id="b9e46526-afed-24fd-e4d6-3a4bdd5cbd56">
      <Execution id="097536ad-8ec4-465f-9353-55c442def73f" />
      <TestMethod codeBase="C:\Users\jsmathers\source\repos\ExcelComparer\ExcelComparer.Tests\bin\Debug\net9.0\ExcelComparer.Tests.dll" adapterTypeName="executor://xunit/VsTestRunner2/netcoreapp" className="ExcelComparer.Tests.Unit.PerformanceTests" name="CompareWorksheets_OneEmptyOneWithSparseData_ShouldDetectMismatches" />
    </UnitTest>
    <UnitTest name="ExcelComparer.Tests.Unit.ComparisonResultTests.Properties_ShouldBeMutable" storage="c:\users\jsmathers\source\repos\excelcomparer\excelcomparer.tests\bin\debug\net9.0\excelcomparer.tests.dll" id="2a097c66-eb26-c206-20b3-c6bcca724cc4">
      <Execution id="b66ece03-703b-4c7d-9332-08fdcdf0d24c" />
      <TestMethod codeBase="C:\Users\jsmathers\source\repos\ExcelComparer\ExcelComparer.Tests\bin\Debug\net9.0\ExcelComparer.Tests.dll" adapterTypeName="executor://xunit/VsTestRunner2/netcoreapp" className="ExcelComparer.Tests.Unit.ComparisonResultTests" name="Properties_ShouldBeMutable" />
    </UnitTest>
    <UnitTest name="ExcelComparer.Tests.Unit.FileTypeDetectorTests.DetectFileType_ExcelFiles_ShouldReturnExcel(fileName: &quot;FILE.XLSX&quot;, expected: Excel)" storage="c:\users\jsmathers\source\repos\excelcomparer\excelcomparer.tests\bin\debug\net9.0\excelcomparer.tests.dll" id="fb454314-86d9-cede-d7ab-175d6c2ba1d0">
      <Execution id="c3c9242c-fae1-494b-a637-6d983683bbe2" />
      <TestMethod codeBase="C:\Users\jsmathers\source\repos\ExcelComparer\ExcelComparer.Tests\bin\Debug\net9.0\ExcelComparer.Tests.dll" adapterTypeName="executor://xunit/VsTestRunner2/netcoreapp" className="ExcelComparer.Tests.Unit.FileTypeDetectorTests" name="DetectFileType_ExcelFiles_ShouldReturnExcel" />
    </UnitTest>
    <UnitTest name="ExcelComparer.Tests.Unit.ComparisonResultTests.TotalMismatches_ShouldReturnSumOfNumericAndText(numeric: 0, text: 7, expected: 7)" storage="c:\users\jsmathers\source\repos\excelcomparer\excelcomparer.tests\bin\debug\net9.0\excelcomparer.tests.dll" id="acee53be-4269-7637-49b7-bd8407fc9eb5">
      <Execution id="d2999875-92d3-4cc6-84d0-74cf82ea8f7c" />
      <TestMethod codeBase="C:\Users\jsmathers\source\repos\ExcelComparer\ExcelComparer.Tests\bin\Debug\net9.0\ExcelComparer.Tests.dll" adapterTypeName="executor://xunit/VsTestRunner2/netcoreapp" className="ExcelComparer.Tests.Unit.ComparisonResultTests" name="TotalMismatches_ShouldReturnSumOfNumericAndText" />
    </UnitTest>
    <UnitTest name="ExcelComparer.Tests.Unit.CellComparerTests.CompareWorksheets_CaseSensitiveText_ShouldReturnMismatch" storage="c:\users\jsmathers\source\repos\excelcomparer\excelcomparer.tests\bin\debug\net9.0\excelcomparer.tests.dll" id="5f89a730-81fa-0eb1-7447-0afee16cf9e0">
      <Execution id="c492eddb-647d-4819-90cb-a700eafa6c99" />
      <TestMethod codeBase="C:\Users\jsmathers\source\repos\ExcelComparer\ExcelComparer.Tests\bin\Debug\net9.0\ExcelComparer.Tests.dll" adapterTypeName="executor://xunit/VsTestRunner2/netcoreapp" className="ExcelComparer.Tests.Unit.CellComparerTests" name="CompareWorksheets_CaseSensitiveText_ShouldReturnMismatch" />
    </UnitTest>
    <UnitTest name="ExcelComparer.Tests.Unit.FileTypeDetectorTests.DetectFileType_UnknownFiles_ShouldReturnUnknown(fileName: &quot;file.doc&quot;)" storage="c:\users\jsmathers\source\repos\excelcomparer\excelcomparer.tests\bin\debug\net9.0\excelcomparer.tests.dll" id="05359ad3-3311-6134-4768-6bb8965a9163">
      <Execution id="99b07c2e-c124-4df0-b30f-5318ac562cfa" />
      <TestMethod codeBase="C:\Users\jsmathers\source\repos\ExcelComparer\ExcelComparer.Tests\bin\Debug\net9.0\ExcelComparer.Tests.dll" adapterTypeName="executor://xunit/VsTestRunner2/netcoreapp" className="ExcelComparer.Tests.Unit.FileTypeDetectorTests" name="DetectFileType_UnknownFiles_ShouldReturnUnknown" />
    </UnitTest>
    <UnitTest name="ExcelComparer.Tests.Unit.CellComparerTests.CompareWorksheets_CustomTolerance_ShouldRespectValue" storage="c:\users\jsmathers\source\repos\excelcomparer\excelcomparer.tests\bin\debug\net9.0\excelcomparer.tests.dll" id="e515fdd6-dbbd-2910-e4bf-1bf06f2ce714">
      <Execution id="00163673-d14a-4650-b1eb-e6e99a79d952" />
      <TestMethod codeBase="C:\Users\jsmathers\source\repos\ExcelComparer\ExcelComparer.Tests\bin\Debug\net9.0\ExcelComparer.Tests.dll" adapterTypeName="executor://xunit/VsTestRunner2/netcoreapp" className="ExcelComparer.Tests.Unit.CellComparerTests" name="CompareWorksheets_CustomTolerance_ShouldRespectValue" />
    </UnitTest>
    <UnitTest name="ExcelComparer.Tests.Unit.CellComparerTests.CompareWorksheets_DifferentSizedWorksheets_ShouldCompareAllCells" storage="c:\users\jsmathers\source\repos\excelcomparer\excelcomparer.tests\bin\debug\net9.0\excelcomparer.tests.dll" id="c2886c6a-f7a9-d884-8779-59a6e110144b">
      <Execution id="585a3b7a-229b-483f-b834-723ebf149781" />
      <TestMethod codeBase="C:\Users\jsmathers\source\repos\ExcelComparer\ExcelComparer.Tests\bin\Debug\net9.0\ExcelComparer.Tests.dll" adapterTypeName="executor://xunit/VsTestRunner2/netcoreapp" className="ExcelComparer.Tests.Unit.CellComparerTests" name="CompareWorksheets_DifferentSizedWorksheets_ShouldCompareAllCells" />
    </UnitTest>
    <UnitTest name="ExcelComparer.Tests.Unit.FileTypeDetectorTests.DetectFileType_InvalidPathCharacters_ShouldHandleGracefully(invalidPath: &quot;file|data.txt&quot;)" storage="c:\users\jsmathers\source\repos\excelcomparer\excelcomparer.tests\bin\debug\net9.0\excelcomparer.tests.dll" id="e87f5fa5-e59e-fe84-3aed-53f2397b488d">
      <Execution id="2ed77a99-f44d-40bb-a2d2-763898bb62c3" />
      <TestMethod codeBase="C:\Users\jsmathers\source\repos\ExcelComparer\ExcelComparer.Tests\bin\Debug\net9.0\ExcelComparer.Tests.dll" adapterTypeName="executor://xunit/VsTestRunner2/netcoreapp" className="ExcelComparer.Tests.Unit.FileTypeDetectorTests" name="DetectFileType_InvalidPathCharacters_ShouldHandleGracefully" />
    </UnitTest>
    <UnitTest name="ExcelComparer.Tests.Unit.CellComparerTests.CompareWorksheets_NumericDifferenceWithinTolerance_ShouldReturnNoMismatches" storage="c:\users\jsmathers\source\repos\excelcomparer\excelcomparer.tests\bin\debug\net9.0\excelcomparer.tests.dll" id="3670cb6a-c299-b560-eaa8-dcd70a09a2c1">
      <Execution id="d6e8c456-2d6d-4291-b9e2-6866d412765f" />
      <TestMethod codeBase="C:\Users\jsmathers\source\repos\ExcelComparer\ExcelComparer.Tests\bin\Debug\net9.0\ExcelComparer.Tests.dll" adapterTypeName="executor://xunit/VsTestRunner2/netcoreapp" className="ExcelComparer.Tests.Unit.CellComparerTests" name="CompareWorksheets_NumericDifferenceWithinTolerance_ShouldReturnNoMismatches" />
    </UnitTest>
    <UnitTest name="ExcelComparer.Tests.Unit.FileTypeDetectorTests.AreSameType_VariousFiles_ShouldReturnCorrectResult(file1: &quot;file1.xlsm&quot;, file2: &quot;file2.xlsx&quot;, expected: True)" storage="c:\users\jsmathers\source\repos\excelcomparer\excelcomparer.tests\bin\debug\net9.0\excelcomparer.tests.dll" id="a010fe5a-dcac-91cb-4ee1-4812d38f3481">
      <Execution id="d44b71cc-e61a-4bc7-90a9-5e487e6273b2" />
      <TestMethod codeBase="C:\Users\jsmathers\source\repos\ExcelComparer\ExcelComparer.Tests\bin\Debug\net9.0\ExcelComparer.Tests.dll" adapterTypeName="executor://xunit/VsTestRunner2/netcoreapp" className="ExcelComparer.Tests.Unit.FileTypeDetectorTests" name="AreSameType_VariousFiles_ShouldReturnCorrectResult" />
    </UnitTest>
    <UnitTest name="ExcelComparer.Tests.Unit.ComparisonResultTests.TotalMismatches_ShouldReturnSumOfNumericAndText(numeric: 5, text: 3, expected: 8)" storage="c:\users\jsmathers\source\repos\excelcomparer\excelcomparer.tests\bin\debug\net9.0\excelcomparer.tests.dll" id="6968e03c-e1a0-8451-9354-0bf6916c3ce7">
      <Execution id="66002545-570a-46ba-91cb-e9ddf17a4b31" />
      <TestMethod codeBase="C:\Users\jsmathers\source\repos\ExcelComparer\ExcelComparer.Tests\bin\Debug\net9.0\ExcelComparer.Tests.dll" adapterTypeName="executor://xunit/VsTestRunner2/netcoreapp" className="ExcelComparer.Tests.Unit.ComparisonResultTests" name="TotalMismatches_ShouldReturnSumOfNumericAndText" />
    </UnitTest>
    <UnitTest name="ExcelComparer.Tests.Unit.CellComparerTests.CompareWorksheets_DifferentTextCells_ShouldReturnMismatch" storage="c:\users\jsmathers\source\repos\excelcomparer\excelcomparer.tests\bin\debug\net9.0\excelcomparer.tests.dll" id="11529231-9933-5daa-5842-a81b57608282">
      <Execution id="e2b55cf7-b78b-4396-89dd-63493dac17e8" />
      <TestMethod codeBase="C:\Users\jsmathers\source\repos\ExcelComparer\ExcelComparer.Tests\bin\Debug\net9.0\ExcelComparer.Tests.dll" adapterTypeName="executor://xunit/VsTestRunner2/netcoreapp" className="ExcelComparer.Tests.Unit.CellComparerTests" name="CompareWorksheets_DifferentTextCells_ShouldReturnMismatch" />
    </UnitTest>
    <UnitTest name="ExcelComparer.Tests.Unit.CellComparerTests.CompareWorksheets_EmptyCells_ShouldMatch" storage="c:\users\jsmathers\source\repos\excelcomparer\excelcomparer.tests\bin\debug\net9.0\excelcomparer.tests.dll" id="46ff021e-5e5e-ec84-eacf-5c9b4a42e686">
      <Execution id="0e392813-7397-462c-8384-dfcbd3151bde" />
      <TestMethod codeBase="C:\Users\jsmathers\source\repos\ExcelComparer\ExcelComparer.Tests\bin\Debug\net9.0\ExcelComparer.Tests.dll" adapterTypeName="executor://xunit/VsTestRunner2/netcoreapp" className="ExcelComparer.Tests.Unit.CellComparerTests" name="CompareWorksheets_EmptyCells_ShouldMatch" />
    </UnitTest>
    <UnitTest name="ExcelComparer.Tests.Unit.ComparisonConfigTests.Tolerance_CanBeSetToZero" storage="c:\users\jsmathers\source\repos\excelcomparer\excelcomparer.tests\bin\debug\net9.0\excelcomparer.tests.dll" id="b15fd447-f439-d7c8-8b3a-34c977bcd6e8">
      <Execution id="80ae264e-4b53-4a3c-bcad-2141a43b9d30" />
      <TestMethod codeBase="C:\Users\jsmathers\source\repos\ExcelComparer\ExcelComparer.Tests\bin\Debug\net9.0\ExcelComparer.Tests.dll" adapterTypeName="executor://xunit/VsTestRunner2/netcoreapp" className="ExcelComparer.Tests.Unit.ComparisonConfigTests" name="Tolerance_CanBeSetToZero" />
    </UnitTest>
    <UnitTest name="ExcelComparer.Tests.Unit.PerformanceTests.CompareWorksheets_PerformanceComparison_SparseVsDense" storage="c:\users\jsmathers\source\repos\excelcomparer\excelcomparer.tests\bin\debug\net9.0\excelcomparer.tests.dll" id="2d525913-678d-cf5b-dd93-fe99b9103666">
      <Execution id="4c3af7ec-ae33-4141-89aa-12f956fc95d5" />
      <TestMethod codeBase="C:\Users\jsmathers\source\repos\ExcelComparer\ExcelComparer.Tests\bin\Debug\net9.0\ExcelComparer.Tests.dll" adapterTypeName="executor://xunit/VsTestRunner2/netcoreapp" className="ExcelComparer.Tests.Unit.PerformanceTests" name="CompareWorksheets_PerformanceComparison_SparseVsDense" />
    </UnitTest>
    <UnitTest name="ExcelComparer.Tests.Unit.ComparisonResultTests.NewInstance_ShouldHaveZeroValues" storage="c:\users\jsmathers\source\repos\excelcomparer\excelcomparer.tests\bin\debug\net9.0\excelcomparer.tests.dll" id="256523e0-fe10-09e6-fed6-1292f79a7d7f">
      <Execution id="bf64862c-4f84-4550-9dc0-dd618345806a" />
      <TestMethod codeBase="C:\Users\jsmathers\source\repos\ExcelComparer\ExcelComparer.Tests\bin\Debug\net9.0\ExcelComparer.Tests.dll" adapterTypeName="executor://xunit/VsTestRunner2/netcoreapp" className="ExcelComparer.Tests.Unit.ComparisonResultTests" name="NewInstance_ShouldHaveZeroValues" />
    </UnitTest>
    <UnitTest name="ExcelComparer.Tests.Unit.ComparisonResultTests.TotalCellsCompared_ShouldSupportLargeValues" storage="c:\users\jsmathers\source\repos\excelcomparer\excelcomparer.tests\bin\debug\net9.0\excelcomparer.tests.dll" id="82041da1-af91-3fec-8ffb-5ff63615ae3b">
      <Execution id="2fb9fc08-e729-48e2-b17b-4fdc282e2a86" />
      <TestMethod codeBase="C:\Users\jsmathers\source\repos\ExcelComparer\ExcelComparer.Tests\bin\Debug\net9.0\ExcelComparer.Tests.dll" adapterTypeName="executor://xunit/VsTestRunner2/netcoreapp" className="ExcelComparer.Tests.Unit.ComparisonResultTests" name="TotalCellsCompared_ShouldSupportLargeValues" />
    </UnitTest>
    <UnitTest name="ExcelComparer.Tests.Unit.PerformanceTests.CompareWorksheets_BothEmpty_ShouldReturnImmediately" storage="c:\users\jsmathers\source\repos\excelcomparer\excelcomparer.tests\bin\debug\net9.0\excelcomparer.tests.dll" id="e7fed06b-10a1-80c5-3ca0-1052f84f2725">
      <Execution id="b02d73a0-a9c9-43c8-b178-71cb883ee2f5" />
      <TestMethod codeBase="C:\Users\jsmathers\source\repos\ExcelComparer\ExcelComparer.Tests\bin\Debug\net9.0\ExcelComparer.Tests.dll" adapterTypeName="executor://xunit/VsTestRunner2/netcoreapp" className="ExcelComparer.Tests.Unit.PerformanceTests" name="CompareWorksheets_BothEmpty_ShouldReturnImmediately" />
    </UnitTest>
    <UnitTest name="ExcelComparer.Tests.Unit.FileTypeDetectorTests.AreSameType_OneNull_ShouldReturnFalse(file1: null, file2: &quot;file.csv&quot;)" storage="c:\users\jsmathers\source\repos\excelcomparer\excelcomparer.tests\bin\debug\net9.0\excelcomparer.tests.dll" id="681da504-30a6-85fe-b14c-979049f77e86">
      <Execution id="90d4946a-545d-450d-b48c-7436a99a6d2e" />
      <TestMethod codeBase="C:\Users\jsmathers\source\repos\ExcelComparer\ExcelComparer.Tests\bin\Debug\net9.0\ExcelComparer.Tests.dll" adapterTypeName="executor://xunit/VsTestRunner2/netcoreapp" className="ExcelComparer.Tests.Unit.FileTypeDetectorTests" name="AreSameType_OneNull_ShouldReturnFalse" />
    </UnitTest>
    <UnitTest name="ExcelComparer.Tests.Unit.FileTypeDetectorTests.AreCsvFiles_OneExcel_ShouldReturnFalse" storage="c:\users\jsmathers\source\repos\excelcomparer\excelcomparer.tests\bin\debug\net9.0\excelcomparer.tests.dll" id="12e99f30-917f-24d4-2bb0-95e5f0864ca4">
      <Execution id="fac4c897-0191-405b-b598-54e669044883" />
      <TestMethod codeBase="C:\Users\jsmathers\source\repos\ExcelComparer\ExcelComparer.Tests\bin\Debug\net9.0\ExcelComparer.Tests.dll" adapterTypeName="executor://xunit/VsTestRunner2/netcoreapp" className="ExcelComparer.Tests.Unit.FileTypeDetectorTests" name="AreCsvFiles_OneExcel_ShouldReturnFalse" />
    </UnitTest>
    <UnitTest name="ExcelComparer.Tests.Unit.FileTypeDetectorTests.AreSameType_BothNull_ShouldReturnFalse" storage="c:\users\jsmathers\source\repos\excelcomparer\excelcomparer.tests\bin\debug\net9.0\excelcomparer.tests.dll" id="8ac906d8-5923-ac15-19ea-920e87613df1">
      <Execution id="90843627-da31-48cb-9f84-08c65eec6f91" />
      <TestMethod codeBase="C:\Users\jsmathers\source\repos\ExcelComparer\ExcelComparer.Tests\bin\Debug\net9.0\ExcelComparer.Tests.dll" adapterTypeName="executor://xunit/VsTestRunner2/netcoreapp" className="ExcelComparer.Tests.Unit.FileTypeDetectorTests" name="AreSameType_BothNull_ShouldReturnFalse" />
    </UnitTest>
    <UnitTest name="ExcelComparer.Tests.Unit.FileTypeDetectorTests.DetectFileType_ExcelFiles_ShouldReturnExcel(fileName: &quot;file.xlsb&quot;, expected: Excel)" storage="c:\users\jsmathers\source\repos\excelcomparer\excelcomparer.tests\bin\debug\net9.0\excelcomparer.tests.dll" id="53939a41-1073-8a79-de00-2f52c075c458">
      <Execution id="70583815-24e3-4f5e-aae7-c85bd046069c" />
      <TestMethod codeBase="C:\Users\jsmathers\source\repos\ExcelComparer\ExcelComparer.Tests\bin\Debug\net9.0\ExcelComparer.Tests.dll" adapterTypeName="executor://xunit/VsTestRunner2/netcoreapp" className="ExcelComparer.Tests.Unit.FileTypeDetectorTests" name="DetectFileType_ExcelFiles_ShouldReturnExcel" />
    </UnitTest>
    <UnitTest name="ExcelComparer.Tests.Unit.FileTypeDetectorTests.DetectFileType_UnknownFiles_ShouldReturnUnknown(fileName: &quot;&quot;)" storage="c:\users\jsmathers\source\repos\excelcomparer\excelcomparer.tests\bin\debug\net9.0\excelcomparer.tests.dll" id="3b1524f4-b262-3270-4b2e-3c0671c3f212">
      <Execution id="1541cbff-42c0-4c27-b3f3-e52114040b95" />
      <TestMethod codeBase="C:\Users\jsmathers\source\repos\ExcelComparer\ExcelComparer.Tests\bin\Debug\net9.0\ExcelComparer.Tests.dll" adapterTypeName="executor://xunit/VsTestRunner2/netcoreapp" className="ExcelComparer.Tests.Unit.FileTypeDetectorTests" name="DetectFileType_UnknownFiles_ShouldReturnUnknown" />
    </UnitTest>
    <UnitTest name="ExcelComparer.Tests.Unit.CellComparerTests.CompareWorksheets_ShouldSetSheetsComparedToOne" storage="c:\users\jsmathers\source\repos\excelcomparer\excelcomparer.tests\bin\debug\net9.0\excelcomparer.tests.dll" id="3359a4b6-3e8c-740c-c216-bdaf3b52737d">
      <Execution id="5bacbf12-2c0e-4fd8-9b21-18314fa57c95" />
      <TestMethod codeBase="C:\Users\jsmathers\source\repos\ExcelComparer\ExcelComparer.Tests\bin\Debug\net9.0\ExcelComparer.Tests.dll" adapterTypeName="executor://xunit/VsTestRunner2/netcoreapp" className="ExcelComparer.Tests.Unit.CellComparerTests" name="CompareWorksheets_ShouldSetSheetsComparedToOne" />
    </UnitTest>
    <UnitTest name="ExcelComparer.Tests.Unit.FileTypeDetectorTests.AreCsvFiles_BothNull_ShouldReturnFalse" storage="c:\users\jsmathers\source\repos\excelcomparer\excelcomparer.tests\bin\debug\net9.0\excelcomparer.tests.dll" id="4c37955a-c806-4aee-ebce-b5018ed76233">
      <Execution id="aa2a09e9-a59c-416c-9e60-dad5e0ce1af2" />
      <TestMethod codeBase="C:\Users\jsmathers\source\repos\ExcelComparer\ExcelComparer.Tests\bin\Debug\net9.0\ExcelComparer.Tests.dll" adapterTypeName="executor://xunit/VsTestRunner2/netcoreapp" className="ExcelComparer.Tests.Unit.FileTypeDetectorTests" name="AreCsvFiles_BothNull_ShouldReturnFalse" />
    </UnitTest>
    <UnitTest name="ExcelComparer.Tests.Unit.FileTypeDetectorTests.DetectFileType_ExcelFiles_ShouldReturnExcel(fileName: &quot;file.xlsm&quot;, expected: Excel)" storage="c:\users\jsmathers\source\repos\excelcomparer\excelcomparer.tests\bin\debug\net9.0\excelcomparer.tests.dll" id="d7bf87e7-9a0f-bde8-3f53-ec30cb26e4fb">
      <Execution id="0917f7eb-a3af-4889-b763-31c80953ce3a" />
[...]
      <Execution id="f876a78b-5316-4fc2-9531-a95b7c35bffa" />
      <TestMethod codeBase="C:\Users\jsmathers\source\repos\ExcelComparer\ExcelComparer.Tests\bin\Debug\net9.0\ExcelComparer.Tests.dll" adapterTypeName="executor://xunit/VsTestRunner2/netcoreapp" className="ExcelComparer.Tests.Unit.CellComparerTests" name="CompareWorksheets_MixedNumericAndText_ShouldCompareCorrectly" />
    </UnitTest>
    <UnitTest name="ExcelComparer.Tests.Unit.CellComparerTests.CompareWorksheets_LargeCellCount_ShouldUseLongForCount" storage="c:\users\jsmathers\source\repos\excelcomparer\excelcomparer.tests\bin\debug\net9.0\excelcomparer.tests.dll" id="a24c1ce9-0761-9300-c9df-d10b602ecb06">
      <Execution id="bccddf15-602a-4b5a-a6e1-c22387837d98" />
      <TestMethod codeBase="C:\Users\jsmathers\source\repos\ExcelComparer\ExcelComparer.Tests\bin\Debug\net9.0\ExcelComparer.Tests.dll" adapterTypeName="executor://xunit/VsTestRunner2/netcoreapp" className="ExcelComparer.Tests.Unit.CellComparerTests" name="CompareWorksheets_LargeCellCount_ShouldUseLongForCount" />
    </UnitTest>
    <UnitTest name="ExcelComparer.Tests.Unit.FileTypeDetectorTests.DetectFileType_MultipleDotsInFilename_ShouldUseLastExtension(fileName: &quot;data.old.xlsx&quot;, expected: Excel)" storage="c:\users\jsmathers\source\repos\excelcomparer\excelcomparer.tests\bin\debug\net9.0\excelcomparer.tests.dll" id="cea33b4c-edf3-74a6-9621-8d56a7613c55">
      <Execution id="4b4f5571-9f7c-4137-bf72-0aecf5a1e457" />
      <TestMethod codeBase="C:\Users\jsmathers\source\repos\ExcelComparer\ExcelComparer.Tests\bin\Debug\net9.0\ExcelComparer.Tests.dll" adapterTypeName="executor://xunit/VsTestRunner2/netcoreapp" className="ExcelComparer.Tests.Unit.FileTypeDetectorTests" name="DetectFileType_MultipleDotsInFilename_ShouldUseLastExtension" />
    </UnitTest>
    <UnitTest name="ExcelComparer.Tests.Unit.FileTypeDetectorTests.DetectFileType_InvalidPathCharacters_ShouldHandleGracefully(invalidPath: &quot;file&lt;&gt;.csv&quot;)" storage="c:\users\jsmathers\source\repos\excelcomparer\excelcomparer.tests\bin\debug\net9.0\excelcomparer.tests.dll" id="c7d007e6-f993-0f0d-ac6e-c6d54977795b">
      <Execution id="5d72078c-f497-46a1-bfdb-89d4bdbf00fb" />
      <TestMethod codeBase="C:\Users\jsmathers\source\repos\ExcelComparer\ExcelComparer.Tests\bin\Debug\net9.0\ExcelComparer.Tests.dll" adapterTypeName="executor://xunit/VsTestRunner2/netcoreapp" className="ExcelComparer.Tests.Unit.FileTypeDetectorTests" name="DetectFileType_InvalidPathCharacters_ShouldHandleGracefully" />
    </UnitTest>
    <UnitTest name="ExcelComparer.Tests.Unit.FileTypeDetectorTests.DetectFileType_InvalidPathCharacters_ShouldHandleGracefully(invalidPath: &quot;file?.xlsx&quot;)" storage="c:\users\jsmathers\source\repos\excelcomparer\excelcomparer.tests\bin\debug\net9.0\excelcomparer.tests.dll" id="a2608415-5839-edca-5a86-497f5f422008">
      <Execution id="1d942336-9297-47cc-ad0b-1227e8875977" />
      <TestMethod codeBase="C:\Users\jsmathers\source\repos\ExcelComparer\ExcelComparer.Tests\bin\Debug\net9.0\ExcelComparer.Tests.dll" adapterTypeName="executor://xunit/VsTestRunner2/netcoreapp" className="ExcelComparer.Tests.Unit.FileTypeDetectorTests" name="DetectFileType_InvalidPathCharacters_ShouldHandleGracefully" />
    </UnitTest>
    <UnitTest name="ExcelComparer.Tests.Unit.ComparisonResultTests.PrintSummary_WithMismatches_ShouldDisplayWarning" storage="c:\users\jsmathers\source\repos\excelcomparer\excelcomparer.tests\bin\debug\net9.0\excelcomparer.tests.dll" id="1f4d9c82-e7e6-4cd3-1276-9e50d473ff69">
      <Execution id="d2271bf7-1c34-4e47-9638-0516928a8aa5" />
      <TestMethod codeBase="C:\Users\jsmathers\source\repos\ExcelComparer\ExcelComparer.Tests\bin\Debug\net9.0\ExcelComparer.Tests.dll" adapterTypeName="executor://xunit/VsTestRunner2/netcoreapp" className="ExcelComparer.Tests.Unit.ComparisonResultTests" name="PrintSummary_WithMismatches_ShouldDisplayWarning" />
    </UnitTest>
    <UnitTest name="ExcelComparer.Tests.Unit.FileTypeDetectorTests.DetectFileType_CsvFiles_ShouldReturnCsv(fileName: &quot;file.txt&quot;, expected: Csv)" storage="c:\users\jsmathers\source\repos\excelcomparer\excelcomparer.tests\bin\debug\net9.0\excelcomparer.tests.dll" id="df3e98ed-b5cf-4951-6b8f-25e6a0addb0c">
      <Execution id="eaaf6bc1-14c9-48c8-b0d3-50f98e32140c" />
      <TestMethod codeBase="C:\Users\jsmathers\source\repos\ExcelComparer\ExcelComparer.Tests\bin\Debug\net9.0\ExcelComparer.Tests.dll" adapterTypeName="executor://xunit/VsTestRunner2/netcoreapp" className="ExcelComparer.Tests.Unit.FileTypeDetectorTests" name="DetectFileType_CsvFiles_ShouldReturnCsv" />
    </UnitTest>
    <UnitTest name="ExcelComparer.Tests.Unit.FileTypeDetectorTests.DetectFileType_MultipleDotsInFilename_ShouldUseLastExtension(fileName: &quot;report.backup.csv&quot;, expected: Csv)" storage="c:\users\jsmathers\source\repos\excelcomparer\excelcomparer.tests\bin\debug\net9.0\excelcomparer.tests.dll" id="e520a923-0343-8be8-0dcd-0f38b1ac4d66">
      <Execution id="eea110df-465f-4640-927e-382561df171b" />
      <TestMethod codeBase="C:\Users\jsmathers\source\repos\ExcelComparer\ExcelComparer.Tests\bin\Debug\net9.0\ExcelComparer.Tests.dll" adapterTypeName="executor://xunit/VsTestRunner2/netcoreapp" className="ExcelComparer.Tests.Unit.FileTypeDetectorTests" name="DetectFileType_MultipleDotsInFilename_ShouldUseLastExtension" />
    </UnitTest>
    <UnitTest name="ExcelComparer.Tests.Unit.CellComparerTests.CompareWorksheets_OneEmptyOneWithValue_ShouldReturnMismatch" storage="c:\users\jsmathers\source\repos\excelcomparer\excelcomparer.tests\bin\debug\net9.0\excelcomparer.tests.dll" id="d9accba7-bd11-ffbc-e95c-4b4a0930d3e0">
      <Execution id="6e8f5ff2-d592-4fa0-ace3-21be28be341a" />
      <TestMethod codeBase="C:\Users\jsmathers\source\repos\ExcelComparer\ExcelComparer.Tests\bin\Debug\net9.0\ExcelComparer.Tests.dll" adapterTypeName="executor://xunit/VsTestRunner2/netcoreapp" className="ExcelComparer.Tests.Unit.CellComparerTests" name="CompareWorksheets_OneEmptyOneWithValue_ShouldReturnMismatch" />
    </UnitTest>
    <UnitTest name="ExcelComparer.Tests.Unit.CellComparerTests.CompareWorksheets_NumericDifferenceBeyondTolerance_ShouldReturnMismatch" storage="c:\users\jsmathers\source\repos\excelcomparer\excelcomparer.tests\bin\debug\net9.0\excelcomparer.tests.dll" id="b7c32cbc-4203-956d-de52-0e7f385f5e22">
      <Execution id="6da097bd-d33c-4b2e-a678-850817078099" />
      <TestMethod codeBase="C:\Users\jsmathers\source\repos\ExcelComparer\ExcelComparer.Tests\bin\Debug\net9.0\ExcelComparer.Tests.dll" adapterTypeName="executor://xunit/VsTestRunner2/netcoreapp" className="ExcelComparer.Tests.Unit.CellComparerTests" name="CompareWorksheets_NumericDifferenceBeyondTolerance_ShouldReturnMismatch" />
    </UnitTest>
  </TestDefinitions>
  <TestEntries>
    <TestEntry testId="562c0cbe-bcc5-ca0b-2255-a92aecd580b1" executionId="0df30498-a092-49ec-8266-3d3145170f64" testListId="8c84fa94-04c1-424b-9868-57a2d4851a1d" />
    <TestEntry testId="e515fdd6-dbbd-2910-e4bf-1bf06f2ce714" executionId="00163673-d14a-4650-b1eb-e6e99a79d952" testListId="8c84fa94-04c1-424b-9868-57a2d4851a1d" />
    <TestEntry testId="acee53be-4269-7637-49b7-bd8407fc9eb5" executionId="d2999875-92d3-4cc6-84d0-74cf82ea8f7c" testListId="8c84fa94-04c1-424b-9868-57a2d4851a1d" />
    <TestEntry testId="01a48b43-9e9f-da94-3c5f-a65a87bbdf0f" executionId="ddd69fce-4e22-414d-ac9a-ef1aa679f0dd" testListId="8c84fa94-04c1-424b-9868-57a2d4851a1d" />
    <TestEntry testId="ccacdd29-7fb3-50be-7667-2953ac2965de" executionId="7e3f8a48-e848-4573-8fd6-4dcbcb282697" testListId="8c84fa94-04c1-424b-9868-57a2d4851a1d" />
    <TestEntry testId="3670cb6a-c299-b560-eaa8-dcd70a09a2c1" executionId="d6e8c456-2d6d-4291-b9e2-6866d412765f" testListId="8c84fa94-04c1-424b-9868-57a2d4851a1d" />
    <TestEntry testId="4c37955a-c806-4aee-ebce-b5018ed76233" executionId="aa2a09e9-a59c-416c-9e60-dad5e0ce1af2" testListId="8c84fa94-04c1-424b-9868-57a2d4851a1d" />
    <TestEntry testId="46ff021e-5e5e-ec84-eacf-5c9b4a42e686" executionId="0e392813-7397-462c-8384-dfcbd3151bde" testListId="8c84fa94-04c1-424b-9868-57a2d4851a1d" />
    <TestEntry testId="f7454765-bbcf-c49b-bf80-326a00d0e198" executionId="6b9768f8-fef0-4535-84a4-77e065220252" testListId="8c84fa94-04c1-424b-9868-57a2d4851a1d" />
    <TestEntry testId="12e99f30-917f-24d4-2bb0-95e5f0864ca4" executionId="fac4c897-0191-405b-b598-54e669044883" testListId="8c84fa94-04c1-424b-9868-57a2d4851a1d" />
    <TestEntry testId="e87f5fa5-e59e-fe84-3aed-53f2397b488d" executionId="2ed77a99-f44d-40bb-a2d2-763898bb62c3" testListId="8c84fa94-04c1-424b-9868-57a2d4851a1d" />
    <TestEntry testId="681da504-30a6-85fe-b14c-979049f77e86" executionId="90d4946a-545d-450d-b48c-7436a99a6d2e" testListId="8c84fa94-04c1-424b-9868-57a2d4851a1d" />
    <TestEntry testId="cccf2a5d-f6ce-98c9-1314-53eee5a1b646" executionId="85ed747d-6087-48e4-a08e-a047a8d05445" testListId="8c84fa94-04c1-424b-9868-57a2d4851a1d" />
    <TestEntry testId="464a2898-de5a-6f79-7857-620b96085683" executionId="a5933573-fbf1-44d1-b916-a6a2c0b51229" testListId="8c84fa94-04c1-424b-9868-57a2d4851a1d" />
    <TestEntry testId="c2886c6a-f7a9-d884-8779-59a6e110144b" executionId="585a3b7a-229b-483f-b834-723ebf149781" testListId="8c84fa94-04c1-424b-9868-57a2d4851a1d" />
    <TestEntry testId="aacbe5a1-49da-d924-5eed-eee86f89544c" executionId="2edd087e-735b-44a3-9307-9f00eacbfc24" testListId="8c84fa94-04c1-424b-9868-57a2d4851a1d" />
    <TestEntry testId="f79ef581-e2c1-e518-43e1-ef1cd8532d9e" executionId="42aa7808-7c26-4462-af96-9dff0545db50" testListId="8c84fa94-04c1-424b-9868-57a2d4851a1d" />
    <TestEntry testId="c2c7d1aa-8c8c-982d-00ae-657f2dd3212c" executionId="a38cd67e-574d-4661-9557-0db8ccfccc2d" testListId="8c84fa94-04c1-424b-9868-57a2d4851a1d" />
    <TestEntry testId="d9accba7-bd11-ffbc-e95c-4b4a0930d3e0" executionId="6e8f5ff2-d592-4fa0-ace3-21be28be341a" testListId="8c84fa94-04c1-424b-9868-57a2d4851a1d" />
    <TestEntry testId="5f89a730-81fa-0eb1-7447-0afee16cf9e0" executionId="c492eddb-647d-4819-90cb-a700eafa6c99" testListId="8c84fa94-04c1-424b-9868-57a2d4851a1d" />
    <TestEntry testId="bb29dd1b-c0e5-c45b-60e9-0a5912ef1842" executionId="18112c87-3f27-49a9-b277-41b96ad79f46" testListId="8c84fa94-04c1-424b-9868-57a2d4851a1d" />
    <TestEntry testId="2a097c66-eb26-c206-20b3-c6bcca724cc4" executionId="b66ece03-703b-4c7d-9332-08fdcdf0d24c" testListId="8c84fa94-04c1-424b-9868-57a2d4851a1d" />
    <TestEntry testId="13020813-90c7-37b5-1277-e0d436b6e3b9" executionId="6462e198-bf31-4426-80ac-6dd141b08941" testListId="8c84fa94-04c1-424b-9868-57a2d4851a1d" />
    <TestEntry testId="0100f1a0-a52d-10e4-4a61-422a368ad5e0" executionId="f81fe4ff-9776-42c7-95c2-f7f2f82bbce0" testListId="8c84fa94-04c1-424b-9868-57a2d4851a1d" />
    <TestEntry testId="82041da1-af91-3fec-8ffb-5ff63615ae3b" executionId="2fb9fc08-e729-48e2-b17b-4fdc282e2a86" testListId="8c84fa94-04c1-424b-9868-57a2d4851a1d" />
    <TestEntry testId="a2d97878-db53-aa9b-e52b-333403ae81a8" executionId="0652ad88-0489-4a23-9b2c-5f881b25b12f" testListId="8c84fa94-04c1-424b-9868-57a2d4851a1d" />
    <TestEntry testId="c7d007e6-f993-0f0d-ac6e-c6d54977795b" executionId="5d72078c-f497-46a1-bfdb-89d4bdbf00fb" testListId="8c84fa94-04c1-424b-9868-57a2d4851a1d" />
    <TestEntry testId="0e270050-4462-8f7a-2aa4-ff477425d7a3" executionId="509a5e81-ae5a-44a5-80a4-4093df61fb67" testListId="8c84fa94-04c1-424b-9868-57a2d4851a1d" />
    <TestEntry testId="05359ad3-3311-6134-4768-6bb8965a9163" executionId="99b07c2e-c124-4df0-b30f-5318ac562cfa" testListId="8c84fa94-04c1-424b-9868-57a2d4851a1d" />
    <TestEntry testId="a6318da8-52fd-7906-7075-2e8b058fdd98" executionId="f8dd5971-ca73-4f17-8fe6-3237fe9a09f2" testListId="8c84fa94-04c1-424b-9868-57a2d4851a1d" />
    <TestEntry testId="1f4d9c82-e7e6-4cd3-1276-9e50d473ff69" executionId="d2271bf7-1c34-4e47-9638-0516928a8aa5" testListId="8c84fa94-04c1-424b-9868-57a2d4851a1d" />
    <TestEntry testId="df3e98ed-b5cf-4951-6b8f-25e6a0addb0c" executionId="eaaf6bc1-14c9-48c8-b0d3-50f98e32140c" testListId="8c84fa94-04c1-424b-9868-57a2d4851a1d" />
    <TestEntry testId="fb454314-86d9-cede-d7ab-175d6c2ba1d0" executionId="c3c9242c-fae1-494b-a637-6d983683bbe2" testListId="8c84fa94-04c1-424b-9868-57a2d4851a1d" />
    <TestEntry testId="3359a4b6-3e8c-740c-c216-bdaf3b52737d" executionId="5bacbf12-2c0e-4fd8-9b21-18314fa57c95" testListId="8c84fa94-04c1-424b-9868-57a2d4851a1d" />
    <TestEntry testId="11529231-9933-5daa-5842-a81b57608282" executionId="e2b55cf7-b78b-4396-89dd-63493dac17e8" testListId="8c84fa94-04c1-424b-9868-57a2d4851a1d" />
    <TestEntry testId="81652c3e-12b7-4368-e937-8b91dbc29223" executionId="d1392bd4-3687-4cfa-8ea5-5544a61b7d0c" testListId="8c84fa94-04c1-424b-9868-57a2d4851a1d" />
    <TestEntry testId="2819f22a-c85b-813d-6244-33dc9334b53e" executionId="74a15357-01d2-4f0f-adc7-3aabe361eeb1" testListId="8c84fa94-04c1-424b-9868-57a2d4851a1d" />
    <TestEntry testId="dd5f31fc-6c46-cdeb-a7c8-bb1830936c47" executionId="2d607231-ee42-4d2e-ab3e-5ceac46079b7" testListId="8c84fa94-04c1-424b-9868-57a2d4851a1d" />
    <TestEntry testId="6968e03c-e1a0-8451-9354-0bf6916c3ce7" executionId="66002545-570a-46ba-91cb-e9ddf17a4b31" testListId="8c84fa94-04c1-424b-9868-57a2d4851a1d" />
    <TestEntry testId="e7fed06b-10a1-80c5-3ca0-1052f84f2725" executionId="b02d73a0-a9c9-43c8-b178-71cb883ee2f5" testListId="8c84fa94-04c1-424b-9868-57a2d4851a1d" />
    <TestEntry testId="04c90580-aace-e330-2ca7-5404097a76e8" executionId="80e71059-a02b-4f2d-aefa-6d4bc7cad615" testListId="8c84fa94-04c1-424b-9868-57a2d4851a1d" />
    <TestEntry testId="819e3ae2-e8b3-671f-3beb-75ecb68be60d" executionId="f8eb73c0-b578-4069-a368-3b84b5e3671b" testListId="8c84fa94-04c1-424b-9868-57a2d4851a1d" />
    <TestEntry testId="32d2650e-3bc2-a759-a6ae-e321a7c2938a" executionId="5ebbc974-141f-4d58-80e8-5c7f0a8037cb" testListId="8c84fa94-04c1-424b-9868-57a2d4851a1d" />
    <TestEntry testId="a2608415-5839-edca-5a86-497f5f422008" executionId="1d942336-9297-47cc-ad0b-1227e8875977" testListId="8c84fa94-04c1-424b-9868-57a2d4851a1d" />
    <TestEntry testId="256523e0-fe10-09e6-fed6-1292f79a7d7f" executionId="bf64862c-4f84-4550-9dc0-dd618345806a" testListId="8c84fa94-04c1-424b-9868-57a2d4851a1d" />
    <TestEntry testId="7c15fe08-62bb-6d6b-e519-fd19c4dac18f" executionId="e9fc0148-c63b-4157-b68d-c99dd62d5554" testListId="8c84fa94-04c1-424b-9868-57a2d4851a1d" />
    <TestEntry testId="f5dd2146-2ffa-f9f9-f2d3-b842baeca9bc" executionId="10a6445b-c598-4105-97f8-6bd028c24cf6" testListId="8c84fa94-04c1-424b-9868-57a2d4851a1d" />
    <TestEntry testId="53939a41-1073-8a79-de00-2f52c075c458" executionId="70583815-24e3-4f5e-aae7-c85bd046069c" testListId="8c84fa94-04c1-424b-9868-57a2d4851a1d" />
    <TestEntry testId="1a72d587-b858-99ff-1d9a-335b9f2362d4" executionId="a015f351-c0d3-49e3-9a1d-bd86335ad979" testListId="8c84fa94-04c1-424b-9868-57a2d4851a1d" />
    <TestEntry testId="e520a923-0343-8be8-0dcd-0f38b1ac4d66" executionId="eea110df-465f-4640-927e-382561df171b" testListId="8c84fa94-04c1-424b-9868-57a2d4851a1d" />
    <TestEntry testId="a010fe5a-dcac-91cb-4ee1-4812d38f3481" executionId="d44b71cc-e61a-4bc7-90a9-5e487e6273b2" testListId="8c84fa94-04c1-424b-9868-57a2d4851a1d" />
    <TestEntry testId="b7c32cbc-4203-956d-de52-0e7f385f5e22" executionId="6da097bd-d33c-4b2e-a678-850817078099" testListId="8c84fa94-04c1-424b-9868-57a2d4851a1d" />
    <TestEntry testId="d7bf87e7-9a0f-bde8-3f53-ec30cb26e4fb" executionId="0917f7eb-a3af-4889-b763-31c80953ce3a" testListId="8c84fa94-04c1-424b-9868-57a2d4851a1d" />
    <TestEntry testId="4b33f4bb-5867-d8db-4920-a9d18512cd7d" executionId="b50e64cf-3890-4e76-b72b-944b04226854" testListId="8c84fa94-04c1-424b-9868-57a2d4851a1d" />
    <TestEntry testId="8ac906d8-5923-ac15-19ea-920e87613df1" executionId="90843627-da31-48cb-9f84-08c65eec6f91" testListId="8c84fa94-04c1-424b-9868-57a2d4851a1d" />
    <TestEntry testId="a24c1ce9-0761-9300-c9df-d10b602ecb06" executionId="bccddf15-602a-4b5a-a6e1-c22387837d98" testListId="8c84fa94-04c1-424b-9868-57a2d4851a1d" />
    <TestEntry testId="b1c7a9f4-91ca-4373-a54c-83e611fcf357" executionId="3bce99a6-a96b-4896-a781-07ae2232c0c2" testListId="8c84fa94-04c1-424b-9868-57a2d4851a1d" />
    <TestEntry testId="e61ccaea-3f52-66f3-b614-c7786b2b115f" executionId="351f2d76-90b8-4bda-86a5-3d796936743d" testListId="8c84fa94-04c1-424b-9868-57a2d4851a1d" />
    <TestEntry testId="b15fd447-f439-d7c8-8b3a-34c977bcd6e8" executionId="80ae264e-4b53-4a3c-bcad-2141a43b9d30" testListId="8c84fa94-04c1-424b-9868-57a2d4851a1d" />
    <TestEntry testId="cea33b4c-edf3-74a6-9621-8d56a7613c55" executionId="4b4f5571-9f7c-4137-bf72-0aecf5a1e457" testListId="8c84fa94-04c1-424b-9868-57a2d4851a1d" />
    <TestEntry testId="15034069-dcf4-97ae-2737-62739a673fe8" executionId="8f8be457-4858-4a02-aadb-d7de0547202a" testListId="8c84fa94-04c1-424b-9868-57a2d4851a1d" />
    <TestEntry testId="6f3adfe4-7b4f-1cb4-0624-4af8192c8b6e" executionId="75b0639e-d3f5-4093-9900-461dd4f8d507" testListId="8c84fa94-04c1-424b-9868-57a2d4851a1d" />
    <TestEntry testId="2fce9352-6d2f-c065-95bf-0f5f3e822e90" executionId="1cc018bf-00fa-4ca6-aac6-52e8e83d90cc" testListId="8c84fa94-04c1-424b-9868-57a2d4851a1d" />
    <TestEntry testId="a2a4fdbe-6fef-53f4-eb22-de18a71ca0be" executionId="f876a78b-5316-4fc2-9531-a95b7c35bffa" testListId="8c84fa94-04c1-424b-9868-57a2d4851a1d" />
    <TestEntry testId="5d9fc50d-4cbe-e9e0-30cb-64e5fac40f02" executionId="9c86f0a9-76f8-4222-9048-17fd459cb7fc" testListId="8c84fa94-04c1-424b-9868-57a2d4851a1d" />
    <TestEntry testId="bbb96704-a7d5-804c-32f1-413e91971e3d" executionId="85913b94-de50-4226-b6c0-dead7d07cda0" testListId="8c84fa94-04c1-424b-9868-57a2d4851a1d" />
    <TestEntry testId="c2050d2a-ec55-bce8-5f1b-b65dc60b5f4c" executionId="249beac8-90a4-4860-ba49-812bec2d5cb1" testListId="8c84fa94-04c1-424b-9868-57a2d4851a1d" />
    <TestEntry testId="b9e46526-afed-24fd-e4d6-3a4bdd5cbd56" executionId="097536ad-8ec4-465f-9353-55c442def73f" testListId="8c84fa94-04c1-424b-9868-57a2d4851a1d" />
    <TestEntry testId="65b5ed52-c4da-e35d-8d49-2fc35b2470f1" executionId="7359606b-b197-435b-a9c5-72ee14a3315e" testListId="8c84fa94-04c1-424b-9868-57a2d4851a1d" />
    <TestEntry testId="94128638-f492-926b-e6ae-c8a33cb22c72" executionId="0f1d7cbd-f547-4906-8bad-0b5e6f13a496" testListId="8c84fa94-04c1-424b-9868-57a2d4851a1d" />
    <TestEntry testId="2d525913-678d-cf5b-dd93-fe99b9103666" executionId="4c3af7ec-ae33-4141-89aa-12f956fc95d5" testListId="8c84fa94-04c1-424b-9868-57a2d4851a1d" />
    <TestEntry testId="3b1524f4-b262-3270-4b2e-3c0671c3f212" executionId="1541cbff-42c0-4c27-b3f3-e52114040b95" testListId="8c84fa94-04c1-424b-9868-57a2d4851a1d" />
  </TestEntries>
  <TestLists>
    <TestList name="Results Not in a List" id="8c84fa94-04c1-424b-9868-57a2d4851a1d" />
    <TestList name="All Loaded Results" id="19431567-8539-422a-85d7-44ee4e166bda" />
  </TestLists>
  <ResultSummary outcome="Failed">
    <Counters total="72" executed="72" passed="72" failed="0" error="0" timeout="0" aborted="0" inconclusive="0" passedButRunAborted="0" notRunnable="0" notExecuted="0" disconnected="0" warning="0" completed="0" inProgress="0" pending="0" />
    <Output>
      <StdOut>[xUnit.net 00:00:00.00] xUnit.net VSTest Adapter v2.8.2+699d445a1a (64-bit .NET 9.0.1)&#xD;
[xUnit.net 00:00:00.07]   Discovering: ExcelComparer.Tests&#xD;
[xUnit.net 00:00:00.15]   Discovered:  ExcelComparer.Tests&#xD;
[xUnit.net 00:00:00.15]   Starting:    ExcelComparer.Tests&#xD;
</StdOut>
    </Output>
    <RunInfos>
      <RunInfo computerName="MPHILLIPS2" outcome="Error" timestamp="2026-01-09T14:01:29.4524958-05:00">
        <Text>The active test run was aborted. Reason: Test host process crashed</Text>
      </RunInfo>
    </RunInfos>
  </ResultSummary>
</TestRun>